08:36:23 **** Build of configuration Debug for project hall_probe_FW ****
make -j12 all 
arm-none-eabi-gcc "../Drivers/STM32F1xx_HAL_Driver/Src/stm32f1xx_hal.c" -mcpu=cortex-m3 -std=gnu11 -g3 -DDEBUG -DUSE_HAL_DRIVER -DSTM32F103xE -c -I../Core/Inc -I../Drivers/STM32F1xx_HAL_Driver/Inc/Legacy -I../Drivers/STM32F1xx_HAL_Driver/Inc -I../Drivers/CMSIS/Device/ST/STM32F1xx/Include -I../Drivers/CMSIS/Include -O0 -ffunction-sections -fdata-sections -Wall -fstack-usage -fcyclomatic-complexity -MMD -MP -MF"Drivers/STM32F1xx_HAL_Driver/Src/stm32f1xx_hal.d" -MT"Drivers/STM32F1xx_HAL_Driver/Src/stm32f1xx_hal.o" --specs=nano.specs -mfloat-abi=soft -mthumb -o "Drivers/STM32F1xx_HAL_Driver/Src/stm32f1xx_hal.o"
arm-none-eabi-gcc "../Drivers/STM32F1xx_HAL_Driver/Src/stm32f1xx_hal_cortex.c" -mcpu=cortex-m3 -std=gnu11 -g3 -DDEBUG -DUSE_HAL_DRIVER -DSTM32F103xE -c -I../Core/Inc -I../Drivers/STM32F1xx_HAL_Driver/Inc/Legacy -I../Drivers/STM32F1xx_HAL_Driver/Inc -I../Drivers/CMSIS/Device/ST/STM32F1xx/Include -I../Drivers/CMSIS/Include -O0 -ffunction-sections -fdata-sections -Wall -fstack-usage -fcyclomatic-complexity -MMD -MP -MF"Drivers/STM32F1xx_HAL_Driver/Src/stm32f1xx_hal_cortex.d" -MT"Drivers/STM32F1xx_HAL_Driver/Src/stm32f1xx_hal_cortex.o" --specs=nano.specs -mfloat-abi=soft -mthumb -o "Drivers/STM32F1xx_HAL_Driver/Src/stm32f1xx_hal_cortex.o"
arm-none-eabi-gcc "../Drivers/STM32F1xx_HAL_Driver/Src/stm32f1xx_hal_dma.c" -mcpu=cortex-m3 -std=gnu11 -g3 -DDEBUG -DUSE_HAL_DRIVER -DSTM32F103xE -c -I../Core/Inc -I../Drivers/STM32F1xx_HAL_Driver/Inc/Legacy -I../Drivers/STM32F1xx_HAL_Driver/Inc -I../Drivers/CMSIS/Device/ST/STM32F1xx/Include -I../Drivers/CMSIS/Include -O0 -ffunction-sections -fdata-sections -Wall -fstack-usage -fcyclomatic-complexity -MMD -MP -MF"Drivers/STM32F1xx_HAL_Driver/Src/stm32f1xx_hal_dma.d" -MT"Drivers/STM32F1xx_HAL_Driver/Src/stm32f1xx_hal_dma.o" --specs=nano.specs -mfloat-abi=soft -mthumb -o "Drivers/STM32F1xx_HAL_Driver/Src/stm32f1xx_hal_dma.o"
arm-none-eabi-gcc "../Drivers/STM32F1xx_HAL_Driver/Src/stm32f1xx_hal_exti.c" -mcpu=cortex-m3 -std=gnu11 -g3 -DDEBUG -DUSE_HAL_DRIVER -DSTM32F103xE -c -I../Core/Inc -I../Drivers/STM32F1xx_HAL_Driver/Inc/Legacy -I../Drivers/STM32F1xx_HAL_Driver/Inc -I../Drivers/CMSIS/Device/ST/STM32F1xx/Include -I../Drivers/CMSIS/Include -O0 -ffunction-sections -fdata-sections -Wall -fstack-usage -fcyclomatic-complexity -MMD -MP -MF"Drivers/STM32F1xx_HAL_Driver/Src/stm32f1xx_hal_exti.d" -MT"Drivers/STM32F1xx_HAL_Driver/Src/stm32f1xx_hal_exti.o" --specs=nano.specs -mfloat-abi=soft -mthumb -o "Drivers/STM32F1xx_HAL_Driver/Src/stm32f1xx_hal_exti.o"
arm-none-eabi-gcc "../Drivers/STM32F1xx_HAL_Driver/Src/stm32f1xx_hal_flash.c" -mcpu=cortex-m3 -std=gnu11 -g3 -DDEBUG -DUSE_HAL_DRIVER -DSTM32F103xE -c -I../Core/Inc -I../Drivers/STM32F1xx_HAL_Driver/Inc/Legacy -I../Drivers/STM32F1xx_HAL_Driver/Inc -I../Drivers/CMSIS/Device/ST/STM32F1xx/Include -I../Drivers/CMSIS/Include -O0 -ffunction-sections -fdata-sections -Wall -fstack-usage -fcyclomatic-complexity -MMD -MP -MF"Drivers/STM32F1xx_HAL_Driver/Src/stm32f1xx_hal_flash.d" -MT"Drivers/STM32F1xx_HAL_Driver/Src/stm32f1xx_hal_flash.o" --specs=nano.specs -mfloat-abi=soft -mthumb -o "Drivers/STM32F1xx_HAL_Driver/Src/stm32f1xx_hal_flash.o"
arm-none-eabi-gcc "../Drivers/STM32F1xx_HAL_Driver/Src/stm32f1xx_hal_flash_ex.c" -mcpu=cortex-m3 -std=gnu11 -g3 -DDEBUG -DUSE_HAL_DRIVER -DSTM32F103xE -c -I../Core/Inc -I../Drivers/STM32F1xx_HAL_Driver/Inc/Legacy -I../Drivers/STM32F1xx_HAL_Driver/Inc -I../Drivers/CMSIS/Device/ST/STM32F1xx/Include -I../Drivers/CMSIS/Include -O0 -ffunction-sections -fdata-sections -Wall -fstack-usage -fcyclomatic-complexity -MMD -MP -MF"Drivers/STM32F1xx_HAL_Driver/Src/stm32f1xx_hal_flash_ex.d" -MT"Drivers/STM32F1xx_HAL_Driver/Src/stm32f1xx_hal_flash_ex.o" --specs=nano.specs -mfloat-abi=soft -mthumb -o "Drivers/STM32F1xx_HAL_Driver/Src/stm32f1xx_hal_flash_ex.o"
arm-none-eabi-gcc "../Drivers/STM32F1xx_HAL_Driver/Src/stm32f1xx_hal_gpio.c" -mcpu=cortex-m3 -std=gnu11 -g3 -DDEBUG -DUSE_HAL_DRIVER -DSTM32F103xE -c -I../Core/Inc -I../Drivers/STM32F1xx_HAL_Driver/Inc/Legacy -I../Drivers/STM32F1xx_HAL_Driver/Inc -I../Drivers/CMSIS/Device/ST/STM32F1xx/Include -I../Drivers/CMSIS/Include -O0 -ffunction-sections -fdata-sections -Wall -fstack-usage -fcyclomatic-complexity -MMD -MP -MF"Drivers/STM32F1xx_HAL_Driver/Src/stm32f1xx_hal_gpio.d" -MT"Drivers/STM32F1xx_HAL_Driver/Src/stm32f1xx_hal_gpio.o" --specs=nano.specs -mfloat-abi=soft -mthumb -o "Drivers/STM32F1xx_HAL_Driver/Src/stm32f1xx_hal_gpio.o"
arm-none-eabi-gcc "../Drivers/STM32F1xx_HAL_Driver/Src/stm32f1xx_hal_gpio_ex.c" -mcpu=cortex-m3 -std=gnu11 -g3 -DDEBUG -DUSE_HAL_DRIVER -DSTM32F103xE -c -I../Core/Inc -I../Drivers/STM32F1xx_HAL_Driver/Inc/Legacy -I../Drivers/STM32F1xx_HAL_Driver/Inc -I../Drivers/CMSIS/Device/ST/STM32F1xx/Include -I../Drivers/CMSIS/Include -O0 -ffunction-sections -fdata-sections -Wall -fstack-usage -fcyclomatic-complexity -MMD -MP -MF"Drivers/STM32F1xx_HAL_Driver/Src/stm32f1xx_hal_gpio_ex.d" -MT"Drivers/STM32F1xx_HAL_Driver/Src/stm32f1xx_hal_gpio_ex.o" --specs=nano.specs -mfloat-abi=soft -mthumb -o "Drivers/STM32F1xx_HAL_Driver/Src/stm32f1xx_hal_gpio_ex.o"
arm-none-eabi-gcc "../Drivers/STM32F1xx_HAL_Driver/Src/stm32f1xx_hal_i2c.c" -mcpu=cortex-m3 -std=gnu11 -g3 -DDEBUG -DUSE_HAL_DRIVER -DSTM32F103xE -c -I../Core/Inc -I../Drivers/STM32F1xx_HAL_Driver/Inc/Legacy -I../Drivers/STM32F1xx_HAL_Driver/Inc -I../Drivers/CMSIS/Device/ST/STM32F1xx/Include -I../Drivers/CMSIS/Include -O0 -ffunction-sections -fdata-sections -Wall -fstack-usage -fcyclomatic-complexity -MMD -MP -MF"Drivers/STM32F1xx_HAL_Driver/Src/stm32f1xx_hal_i2c.d" -MT"Drivers/STM32F1xx_HAL_Driver/Src/stm32f1xx_hal_i2c.o" --specs=nano.specs -mfloat-abi=soft -mthumb -o "Drivers/STM32F1xx_HAL_Driver/Src/stm32f1xx_hal_i2c.o"
arm-none-eabi-gcc "../Drivers/STM32F1xx_HAL_Driver/Src/stm32f1xx_hal_pwr.c" -mcpu=cortex-m3 -std=gnu11 -g3 -DDEBUG -DUSE_HAL_DRIVER -DSTM32F103xE -c -I../Core/Inc -I../Drivers/STM32F1xx_HAL_Driver/Inc/Legacy -I../Drivers/STM32F1xx_HAL_Driver/Inc -I../Drivers/CMSIS/Device/ST/STM32F1xx/Include -I../Drivers/CMSIS/Include -O0 -ffunction-sections -fdata-sections -Wall -fstack-usage -fcyclomatic-complexity -MMD -MP -MF"Drivers/STM32F1xx_HAL_Driver/Src/stm32f1xx_hal_pwr.d" -MT"Drivers/STM32F1xx_HAL_Driver/Src/stm32f1xx_hal_pwr.o" --specs=nano.specs -mfloat-abi=soft -mthumb -o "Drivers/STM32F1xx_HAL_Driver/Src/stm32f1xx_hal_pwr.o"
arm-none-eabi-gcc "../Drivers/STM32F1xx_HAL_Driver/Src/stm32f1xx_hal_rcc.c" -mcpu=cortex-m3 -std=gnu11 -g3 -DDEBUG -DUSE_HAL_DRIVER -DSTM32F103xE -c -I../Core/Inc -I../Drivers/STM32F1xx_HAL_Driver/Inc/Legacy -I../Drivers/STM32F1xx_HAL_Driver/Inc -I../Drivers/CMSIS/Device/ST/STM32F1xx/Include -I../Drivers/CMSIS/Include -O0 -ffunction-sections -fdata-sections -Wall -fstack-usage -fcyclomatic-complexity -MMD -MP -MF"Drivers/STM32F1xx_HAL_Driver/Src/stm32f1xx_hal_rcc.d" -MT"Drivers/STM32F1xx_HAL_Driver/Src/stm32f1xx_hal_rcc.o" --specs=nano.specs -mfloat-abi=soft -mthumb -o "Drivers/STM32F1xx_HAL_Driver/Src/stm32f1xx_hal_rcc.o"
arm-none-eabi-gcc "../Drivers/STM32F1xx_HAL_Driver/Src/stm32f1xx_hal_rcc_ex.c" -mcpu=cortex-m3 -std=gnu11 -g3 -DDEBUG -DUSE_HAL_DRIVER -DSTM32F103xE -c -I../Core/Inc -I../Drivers/STM32F1xx_HAL_Driver/Inc/Legacy -I../Drivers/STM32F1xx_HAL_Driver/Inc -I../Drivers/CMSIS/Device/ST/STM32F1xx/Include -I../Drivers/CMSIS/Include -O0 -ffunction-sections -fdata-sections -Wall -fstack-usage -fcyclomatic-complexity -MMD -MP -MF"Drivers/STM32F1xx_HAL_Driver/Src/stm32f1xx_hal_rcc_ex.d" -MT"Drivers/STM32F1xx_HAL_Driver/Src/stm32f1xx_hal_rcc_ex.o" --specs=nano.specs -mfloat-abi=soft -mthumb -o "Drivers/STM32F1xx_HAL_Driver/Src/stm32f1xx_hal_rcc_ex.o"
arm-none-eabi-gcc "../Drivers/STM32F1xx_HAL_Driver/Src/stm32f1xx_hal_spi.c" -mcpu=cortex-m3 -std=gnu11 -g3 -DDEBUG -DUSE_HAL_DRIVER -DSTM32F103xE -c -I../Core/Inc -I../Drivers/STM32F1xx_HAL_Driver/Inc/Legacy -I../Drivers/STM32F1xx_HAL_Driver/Inc -I../Drivers/CMSIS/Device/ST/STM32F1xx/Include -I../Drivers/CMSIS/Include -O0 -ffunction-sections -fdata-sections -Wall -fstack-usage -fcyclomatic-complexity -MMD -MP -MF"Drivers/STM32F1xx_HAL_Driver/Src/stm32f1xx_hal_spi.d" -MT"Drivers/STM32F1xx_HAL_Driver/Src/stm32f1xx_hal_spi.o" --specs=nano.specs -mfloat-abi=soft -mthumb -o "Drivers/STM32F1xx_HAL_Driver/Src/stm32f1xx_hal_spi.o"
arm-none-eabi-gcc "../Drivers/STM32F1xx_HAL_Driver/Src/stm32f1xx_hal_tim.c" -mcpu=cortex-m3 -std=gnu11 -g3 -DDEBUG -DUSE_HAL_DRIVER -DSTM32F103xE -c -I../Core/Inc -I../Drivers/STM32F1xx_HAL_Driver/Inc/Legacy -I../Drivers/STM32F1xx_HAL_Driver/Inc -I../Drivers/CMSIS/Device/ST/STM32F1xx/Include -I../Drivers/CMSIS/Include -O0 -ffunction-sections -fdata-sections -Wall -fstack-usage -fcyclomatic-complexity -MMD -MP -MF"Drivers/STM32F1xx_HAL_Driver/Src/stm32f1xx_hal_tim.d" -MT"Drivers/STM32F1xx_HAL_Driver/Src/stm32f1xx_hal_tim.o" --specs=nano.specs -mfloat-abi=soft -mthumb -o "Drivers/STM32F1xx_HAL_Driver/Src/stm32f1xx_hal_tim.o"
arm-none-eabi-gcc "../Drivers/STM32F1xx_HAL_Driver/Src/stm32f1xx_hal_tim_ex.c" -mcpu=cortex-m3 -std=gnu11 -g3 -DDEBUG -DUSE_HAL_DRIVER -DSTM32F103xE -c -I../Core/Inc -I../Drivers/STM32F1xx_HAL_Driver/Inc/Legacy -I../Drivers/STM32F1xx_HAL_Driver/Inc -I../Drivers/CMSIS/Device/ST/STM32F1xx/Include -I../Drivers/CMSIS/Include -O0 -ffunction-sections -fdata-sections -Wall -fstack-usage -fcyclomatic-complexity -MMD -MP -MF"Drivers/STM32F1xx_HAL_Driver/Src/stm32f1xx_hal_tim_ex.d" -MT"Drivers/STM32F1xx_HAL_Driver/Src/stm32f1xx_hal_tim_ex.o" --specs=nano.specs -mfloat-abi=soft -mthumb -o "Drivers/STM32F1xx_HAL_Driver/Src/stm32f1xx_hal_tim_ex.o"
arm-none-eabi-gcc "../Drivers/STM32F1xx_HAL_Driver/Src/stm32f1xx_hal_uart.c" -mcpu=cortex-m3 -std=gnu11 -g3 -DDEBUG -DUSE_HAL_DRIVER -DSTM32F103xE -c -I../Core/Inc -I../Drivers/STM32F1xx_HAL_Driver/Inc/Legacy -I../Drivers/STM32F1xx_HAL_Driver/Inc -I../Drivers/CMSIS/Device/ST/STM32F1xx/Include -I../Drivers/CMSIS/Include -O0 -ffunction-sections -fdata-sections -Wall -fstack-usage -fcyclomatic-complexity -MMD -MP -MF"Drivers/STM32F1xx_HAL_Driver/Src/stm32f1xx_hal_uart.d" -MT"Drivers/STM32F1xx_HAL_Driver/Src/stm32f1xx_hal_uart.o" --specs=nano.specs -mfloat-abi=soft -mthumb -o "Drivers/STM32F1xx_HAL_Driver/Src/stm32f1xx_hal_uart.o"
arm-none-eabi-gcc -mcpu=cortex-m3 -g3 -DDEBUG -c -x assembler-with-cpp -MMD -MP -MF"Core/Startup/startup_stm32f103retx.d" -MT"Core/Startup/startup_stm32f103retx.o" --specs=nano.specs -mfloat-abi=soft -mthumb -o "Core/Startup/startup_stm32f103retx.o" "../Core/Startup/startup_stm32f103retx.s"
arm-none-eabi-gcc "../Core/Src/main.c" -mcpu=cortex-m3 -std=gnu11 -g3 -DDEBUG -DUSE_HAL_DRIVER -DSTM32F103xE -c -I../Core/Inc -I../Drivers/STM32F1xx_HAL_Driver/Inc/Legacy -I../Drivers/STM32F1xx_HAL_Driver/Inc -I../Drivers/CMSIS/Device/ST/STM32F1xx/Include -I../Drivers/CMSIS/Include -O0 -ffunction-sections -fdata-sections -Wall -fstack-usage -fcyclomatic-complexity -MMD -MP -MF"Core/Src/main.d" -MT"Core/Src/main.o" --specs=nano.specs -mfloat-abi=soft -mthumb -o "Core/Src/main.o"
arm-none-eabi-g++ "../Core/Src/sensors.cpp" -mcpu=cortex-m3 -std=gnu++14 -g3 -DDEBUG -DUSE_HAL_DRIVER -DSTM32F103xE -c -I../Core/Inc -I../Drivers/STM32F1xx_HAL_Driver/Inc/Legacy -I../Drivers/STM32F1xx_HAL_Driver/Inc -I../Drivers/CMSIS/Device/ST/STM32F1xx/Include -I../Drivers/CMSIS/Include -O0 -ffunction-sections -fdata-sections -fno-exceptions -fno-rtti -fno-use-cxa-atexit -Wall -fstack-usage -fcyclomatic-complexity -MMD -MP -MF"Core/Src/sensors.d" -MT"Core/Src/sensors.o" --specs=nano.specs -mfloat-abi=soft -mthumb -o "Core/Src/sensors.o"
arm-none-eabi-g++ "../Core/Src/spi.cpp" -mcpu=cortex-m3 -std=gnu++14 -g3 -DDEBUG -DUSE_HAL_DRIVER -DSTM32F103xE -c -I../Core/Inc -I../Drivers/STM32F1xx_HAL_Driver/Inc/Legacy -I../Drivers/STM32F1xx_HAL_Driver/Inc -I../Drivers/CMSIS/Device/ST/STM32F1xx/Include -I../Drivers/CMSIS/Include -O0 -ffunction-sections -fdata-sections -fno-exceptions -fno-rtti -fno-use-cxa-atexit -Wall -fstack-usage -fcyclomatic-complexity -MMD -MP -MF"Core/Src/spi.d" -MT"Core/Src/spi.o" --specs=nano.specs -mfloat-abi=soft -mthumb -o "Core/Src/spi.o"
arm-none-eabi-gcc "../Core/Src/stm32f1xx_hal_msp.c" -mcpu=cortex-m3 -std=gnu11 -g3 -DDEBUG -DUSE_HAL_DRIVER -DSTM32F103xE -c -I../Core/Inc -I../Drivers/STM32F1xx_HAL_Driver/Inc/Legacy -I../Drivers/STM32F1xx_HAL_Driver/Inc -I../Drivers/CMSIS/Device/ST/STM32F1xx/Include -I../Drivers/CMSIS/Include -O0 -ffunction-sections -fdata-sections -Wall -fstack-usage -fcyclomatic-complexity -MMD -MP -MF"Core/Src/stm32f1xx_hal_msp.d" -MT"Core/Src/stm32f1xx_hal_msp.o" --specs=nano.specs -mfloat-abi=soft -mthumb -o "Core/Src/stm32f1xx_hal_msp.o"
arm-none-eabi-gcc "../Core/Src/stm32f1xx_it.c" -mcpu=cortex-m3 -std=gnu11 -g3 -DDEBUG -DUSE_HAL_DRIVER -DSTM32F103xE -c -I../Core/Inc -I../Drivers/STM32F1xx_HAL_Driver/Inc/Legacy -I../Drivers/STM32F1xx_HAL_Driver/Inc -I../Drivers/CMSIS/Device/ST/STM32F1xx/Include -I../Drivers/CMSIS/Include -O0 -ffunction-sections -fdata-sections -Wall -fstack-usage -fcyclomatic-complexity -MMD -MP -MF"Core/Src/stm32f1xx_it.d" -MT"Core/Src/stm32f1xx_it.o" --specs=nano.specs -mfloat-abi=soft -mthumb -o "Core/Src/stm32f1xx_it.o"
arm-none-eabi-gcc "../Core/Src/syscalls.c" -mcpu=cortex-m3 -std=gnu11 -g3 -DDEBUG -DUSE_HAL_DRIVER -DSTM32F103xE -c -I../Core/Inc -I../Drivers/STM32F1xx_HAL_Driver/Inc/Legacy -I../Drivers/STM32F1xx_HAL_Driver/Inc -I../Drivers/CMSIS/Device/ST/STM32F1xx/Include -I../Drivers/CMSIS/Include -O0 -ffunction-sections -fdata-sections -Wall -fstack-usage -fcyclomatic-complexity -MMD -MP -MF"Core/Src/syscalls.d" -MT"Core/Src/syscalls.o" --specs=nano.specs -mfloat-abi=soft -mthumb -o "Core/Src/syscalls.o"
arm-none-eabi-gcc "../Core/Src/sysmem.c" -mcpu=cortex-m3 -std=gnu11 -g3 -DDEBUG -DUSE_HAL_DRIVER -DSTM32F103xE -c -I../Core/Inc -I../Drivers/STM32F1xx_HAL_Driver/Inc/Legacy -I../Drivers/STM32F1xx_HAL_Driver/Inc -I../Drivers/CMSIS/Device/ST/STM32F1xx/Include -I../Drivers/CMSIS/Include -O0 -ffunction-sections -fdata-sections -Wall -fstack-usage -fcyclomatic-complexity -MMD -MP -MF"Core/Src/sysmem.d" -MT"Core/Src/sysmem.o" --specs=nano.specs -mfloat-abi=soft -mthumb -o "Core/Src/sysmem.o"
In file included from ../Core/Inc/sensors.h:3,
                 from ../Core/Src/main.c:20:
../Core/Inc/main.h:27:8: error: expected identifier or '(' before string constant
   27 | extern "C" {
      |        ^~~
In file included from ../Core/Src/stm32f1xx_hal_msp.c:22:
../Core/Inc/main.h:27:8: error: expected identifier or '(' before string constant
   27 | extern "C" {
      |        ^~~
In file included from ../Drivers/CMSIS/Include/core_cm3.h:34,
                 from ../Drivers/CMSIS/Device/ST/STM32F1xx/Include/stm32f103xe.h:149,
                 from ../Drivers/CMSIS/Device/ST/STM32F1xx/Include/stm32f1xx.h:133,
                 from ../Drivers/STM32F1xx_HAL_Driver/Inc/stm32f1xx_hal_def.h:30,
                 from ../Drivers/STM32F1xx_HAL_Driver/Inc/stm32f1xx_hal_rcc.h:29,
                 from ../Core/Inc/stm32f1xx_hal_conf.h:238,
                 from ../Drivers/STM32F1xx_HAL_Driver/Inc/stm32f1xx_hal.h:30,
                 from ../Core/Inc/main.h:31,
                 from ../Core/Inc/sensors.h:3,
                 from ../Core/Src/main.c:20:
C:\ST\STM32CubeIDE_1.11.0\STM32CubeIDE\plugins\com.st.stm32cube.ide.mcu.externaltools.gnu-tools-for-stm32.11.3.rel1.win32_1.1.1.202309131626\tools\bin/../lib/gcc/arm-none-eabi/11.3.1/include/stdint.h:3:41: error: operator '&&' has no right operand
    3 | # if defined __cplusplus && __cplusplus >= 201103L
      |                                         ^~
In file included from ../Drivers/CMSIS/Include/core_cm3.h:34,
                 from ../Drivers/CMSIS/Device/ST/STM32F1xx/Include/stm32f103xe.h:149,
                 from ../Drivers/CMSIS/Device/ST/STM32F1xx/Include/stm32f1xx.h:133,
                 from ../Drivers/STM32F1xx_HAL_Driver/Inc/stm32f1xx_hal_def.h:30,
                 from ../Drivers/STM32F1xx_HAL_Driver/Inc/stm32f1xx_hal_rcc.h:29,
                 from ../Core/Inc/stm32f1xx_hal_conf.h:238,
                 from ../Drivers/STM32F1xx_HAL_Driver/Inc/stm32f1xx_hal.h:30,
                 from ../Core/Inc/main.h:31,
                 from ../Core/Src/stm32f1xx_hal_msp.c:22:
C:\ST\STM32CubeIDE_1.11.0\STM32CubeIDE\plugins\com.st.stm32cube.ide.mcu.externaltools.gnu-tools-for-stm32.11.3.rel1.win32_1.1.1.202309131626\tools\bin/../lib/gcc/arm-none-eabi/11.3.1/include/stdint.h:3:41: error: operator '&&' has no right operand
    3 | # if defined __cplusplus && __cplusplus >= 201103L
      |                                         ^~
In file included from ../Core/Src/stm32f1xx_it.c:21:
../Core/Inc/main.h:27:8: error: expected identifier or '(' before string constant
   27 | extern "C" {
      |        ^~~
In file included from ../Drivers/CMSIS/Include/core_cm3.h:34,
                 from ../Drivers/CMSIS/Device/ST/STM32F1xx/Include/stm32f103xe.h:149,
                 from ../Drivers/CMSIS/Device/ST/STM32F1xx/Include/stm32f1xx.h:133,
                 from ../Drivers/STM32F1xx_HAL_Driver/Inc/stm32f1xx_hal_def.h:30,
                 from ../Drivers/STM32F1xx_HAL_Driver/Inc/stm32f1xx_hal_rcc.h:29,
                 from ../Core/Inc/stm32f1xx_hal_conf.h:238,
                 from ../Drivers/STM32F1xx_HAL_Driver/Inc/stm32f1xx_hal.h:30,
                 from ../Core/Inc/main.h:31,
                 from ../Core/Src/stm32f1xx_it.c:21:
C:\ST\STM32CubeIDE_1.11.0\STM32CubeIDE\plugins\com.st.stm32cube.ide.mcu.externaltools.gnu-tools-for-stm32.11.3.rel1.win32_1.1.1.202309131626\tools\bin/../lib/gcc/arm-none-eabi/11.3.1/include/stdint.h:3:41: error: operator '&&' has no right operand
    3 | # if defined __cplusplus && __cplusplus >= 201103L
      |                                         ^~
In file included from ../Drivers/STM32F1xx_HAL_Driver/Inc/stm32f1xx_hal_def.h:32,
                 from ../Drivers/STM32F1xx_HAL_Driver/Inc/stm32f1xx_hal_rcc.h:29,
                 from ../Core/Inc/stm32f1xx_hal_conf.h:238,
                 from ../Drivers/STM32F1xx_HAL_Driver/Inc/stm32f1xx_hal.h:30,
                 from ../Core/Inc/main.h:31,
                 from ../Core/Inc/sensors.h:3,
                 from ../Core/Src/main.c:20:
C:\ST\STM32CubeIDE_1.11.0\STM32CubeIDE\plugins\com.st.stm32cube.ide.mcu.externaltools.gnu-tools-for-stm32.11.3.rel1.win32_1.1.1.202309131626\tools\bin/../lib/gcc/arm-none-eabi/11.3.1/include/stddef.h:409:43: error: operator '&&' has no right operand
  409 |   || (defined(__cplusplus) && __cplusplus >= 201103L)
      |                                           ^~
C:\ST\STM32CubeIDE_1.11.0\STM32CubeIDE\plugins\com.st.stm32cube.ide.mcu.externaltools.gnu-tools-for-stm32.11.3.rel1.win32_1.1.1.202309131626\tools\bin/../lib/gcc/arm-none-eabi/11.3.1/include/stddef.h:430:41: error: operator '&&' has no right operand
  430 | #if defined(__cplusplus) && __cplusplus >= 201103L
      |                                         ^~
arm-none-eabi-gcc "../Core/Src/system_stm32f1xx.c" -mcpu=cortex-m3 -std=gnu11 -g3 -DDEBUG -DUSE_HAL_DRIVER -DSTM32F103xE -c -I../Core/Inc -I../Drivers/STM32F1xx_HAL_Driver/Inc/Legacy -I../Drivers/STM32F1xx_HAL_Driver/Inc -I../Drivers/CMSIS/Device/ST/STM32F1xx/Include -I../Drivers/CMSIS/Include -O0 -ffunction-sections -fdata-sections -Wall -fstack-usage -fcyclomatic-complexity -MMD -MP -MF"Core/Src/system_stm32f1xx.d" -MT"Core/Src/system_stm32f1xx.o" --specs=nano.specs -mfloat-abi=soft -mthumb -o "Core/Src/system_stm32f1xx.o"
In file included from ../Drivers/STM32F1xx_HAL_Driver/Inc/stm32f1xx_hal_def.h:32,
                 from ../Drivers/STM32F1xx_HAL_Driver/Inc/stm32f1xx_hal_rcc.h:29,
                 from ../Core/Inc/stm32f1xx_hal_conf.h:238,
                 from ../Drivers/STM32F1xx_HAL_Driver/Inc/stm32f1xx_hal.h:30,
                 from ../Core/Inc/main.h:31,
                 from ../Core/Src/stm32f1xx_hal_msp.c:22:
C:\ST\STM32CubeIDE_1.11.0\STM32CubeIDE\plugins\com.st.stm32cube.ide.mcu.externaltools.gnu-tools-for-stm32.11.3.rel1.win32_1.1.1.202309131626\tools\bin/../lib/gcc/arm-none-eabi/11.3.1/include/stddef.h:409:43: error: operator '&&' has no right operand
  409 |   || (defined(__cplusplus) && __cplusplus >= 201103L)
      |                                           ^~
C:\ST\STM32CubeIDE_1.11.0\STM32CubeIDE\plugins\com.st.stm32cube.ide.mcu.externaltools.gnu-tools-for-stm32.11.3.rel1.win32_1.1.1.202309131626\tools\bin/../lib/gcc/arm-none-eabi/11.3.1/include/stddef.h:430:41: error: operator '&&' has no right operand
  430 | #if defined(__cplusplus) && __cplusplus >= 201103L
      |                                         ^~
In file included from ../Drivers/STM32F1xx_HAL_Driver/Inc/stm32f1xx_hal_def.h:32,
                 from ../Drivers/STM32F1xx_HAL_Driver/Inc/stm32f1xx_hal_rcc.h:29,
                 from ../Core/Inc/stm32f1xx_hal_conf.h:238,
                 from ../Drivers/STM32F1xx_HAL_Driver/Inc/stm32f1xx_hal.h:30,
                 from ../Core/Inc/main.h:31,
                 from ../Core/Src/stm32f1xx_it.c:21:
C:\ST\STM32CubeIDE_1.11.0\STM32CubeIDE\plugins\com.st.stm32cube.ide.mcu.externaltools.gnu-tools-for-stm32.11.3.rel1.win32_1.1.1.202309131626\tools\bin/../lib/gcc/arm-none-eabi/11.3.1/include/stddef.h:409:43: error: operator '&&' has no right operand
  409 |   || (defined(__cplusplus) && __cplusplus >= 201103L)
      |                                           ^~
C:\ST\STM32CubeIDE_1.11.0\STM32CubeIDE\plugins\com.st.stm32cube.ide.mcu.externaltools.gnu-tools-for-stm32.11.3.rel1.win32_1.1.1.202309131626\tools\bin/../lib/gcc/arm-none-eabi/11.3.1/include/stddef.h:430:41: error: operator '&&' has no right operand
  430 | #if defined(__cplusplus) && __cplusplus >= 201103L
      |                                         ^~
In file included from ../Core/Inc/stm32f1xx_hal_conf.h:238,
                 from ../Drivers/STM32F1xx_HAL_Driver/Inc/stm32f1xx_hal.h:30,
                 from ../Core/Inc/main.h:31,
                 from ../Core/Src/stm32f1xx_hal_msp.c:22:
../Core/Src/stm32f1xx_hal_msp.c: In function 'HAL_MspInit':
../Drivers/STM32F1xx_HAL_Driver/Inc/stm32f1xx_hal_rcc.h:496:46: error: unknown type name 'uint32_t'
  496 |                                         __IO uint32_t tmpreg; \
      |                                              ^~~~~~~~
../Core/Src/stm32f1xx_hal_msp.c:69:3: note: in expansion of macro '__HAL_RCC_AFIO_CLK_ENABLE'
   69 |   __HAL_RCC_AFIO_CLK_ENABLE();
      |   ^~~~~~~~~~~~~~~~~~~~~~~~~
In file included from ../Core/Inc/sensors.h:4,
                 from ../Core/Src/main.c:20:
../Core/Inc/tmag5170.h:2:9: error: unknown type name 'uint8_t'
    2 |         uint8_t OPERATING_MODE; //0H Config, 2h Active Measure, 3h Active trigger
      |         ^~~~~~~
../Core/Inc/tmag5170.h:3:9: error: unknown type name 'uint8_t'
    3 |         uint8_t TRIGGER_MODE;   //0H SPI, 1H CS, 2H ALERT,3H NOT USED
      |         ^~~~~~~
../Core/Inc/tmag5170.h:4:9: error: unknown type name 'uint_8_t'
    4 |         uint_8_t DATA_TYPE;
      |         ^~~~~~~~
../Core/Inc/tmag5170.h:5:9: error: unknown type name 'uint8_t'
    5 |         uint8_t RDY;                    //OH NOT VALID, 1H VALID
      |         ^~~~~~~
In file included from ../Core/Src/main.c:20:
../Core/Inc/sensors.h:6:1: error: unknown type name 'class'
    6 | class Sensors
      | ^~~~~
../Core/Inc/sensors.h:7:1: error: expected '=', ',', ';', 'asm' or '__attribute__' before '{' token
    7 | {
      | ^
In file included from ../Drivers/STM32F1xx_HAL_Driver/Inc/stm32f1xx_hal_def.h:30,
                 from ../Drivers/STM32F1xx_HAL_Driver/Inc/stm32f1xx_hal_rcc.h:29,
                 from ../Core/Inc/stm32f1xx_hal_conf.h:238,
                 from ../Drivers/STM32F1xx_HAL_Driver/Inc/stm32f1xx_hal.h:30,
                 from ../Core/Inc/main.h:31,
                 from ../Core/Src/stm32f1xx_hal_msp.c:22:
../Drivers/CMSIS/Device/ST/STM32F1xx/Include/stm32f103xe.h:889:31: error: 'RCC_TypeDef' undeclared (first use in this function)
  889 | #define RCC                 ((RCC_TypeDef *)RCC_BASE)
      |                               ^~~~~~~~~~~
../Drivers/CMSIS/Device/ST/STM32F1xx/Include/stm32f1xx.h:178:33: note: in definition of macro 'SET_BIT'
  178 | #define SET_BIT(REG, BIT)     ((REG) |= (BIT))
      |                                 ^~~
../Drivers/STM32F1xx_HAL_Driver/Inc/stm32f1xx_hal_rcc.h:497:49: note: in expansion of macro 'RCC'
  497 |                                         SET_BIT(RCC->APB2ENR, RCC_APB2ENR_AFIOEN);\
      |                                                 ^~~
../Core/Src/stm32f1xx_hal_msp.c:69:3: note: in expansion of macro '__HAL_RCC_AFIO_CLK_ENABLE'
   69 |   __HAL_RCC_AFIO_CLK_ENABLE();
      |   ^~~~~~~~~~~~~~~~~~~~~~~~~
../Drivers/CMSIS/Device/ST/STM32F1xx/Include/stm32f103xe.h:889:31: note: each undeclared identifier is reported only once for each function it appears in
  889 | #define RCC                 ((RCC_TypeDef *)RCC_BASE)
      |                               ^~~~~~~~~~~
../Drivers/CMSIS/Device/ST/STM32F1xx/Include/stm32f1xx.h:178:33: note: in definition of macro 'SET_BIT'
  178 | #define SET_BIT(REG, BIT)     ((REG) |= (BIT))
      |                                 ^~~
../Drivers/STM32F1xx_HAL_Driver/Inc/stm32f1xx_hal_rcc.h:497:49: note: in expansion of macro 'RCC'
  497 |                                         SET_BIT(RCC->APB2ENR, RCC_APB2ENR_AFIOEN);\
      |                                                 ^~~
../Core/Src/stm32f1xx_hal_msp.c:69:3: note: in expansion of macro '__HAL_RCC_AFIO_CLK_ENABLE'
   69 |   __HAL_RCC_AFIO_CLK_ENABLE();
      |   ^~~~~~~~~~~~~~~~~~~~~~~~~
../Drivers/CMSIS/Device/ST/STM32F1xx/Include/stm32f103xe.h:889:44: error: expected expression before ')' token
  889 | #define RCC                 ((RCC_TypeDef *)RCC_BASE)
      |                                            ^
../Drivers/CMSIS/Device/ST/STM32F1xx/Include/stm32f1xx.h:178:33: note: in definition of macro 'SET_BIT'
  178 | #define SET_BIT(REG, BIT)     ((REG) |= (BIT))
      |                                 ^~~
../Drivers/STM32F1xx_HAL_Driver/Inc/stm32f1xx_hal_rcc.h:497:49: note: in expansion of macro 'RCC'
  497 |                                         SET_BIT(RCC->APB2ENR, RCC_APB2ENR_AFIOEN);\
      |                                                 ^~~
../Core/Src/stm32f1xx_hal_msp.c:69:3: note: in expansion of macro '__HAL_RCC_AFIO_CLK_ENABLE'
   69 |   __HAL_RCC_AFIO_CLK_ENABLE();
      |   ^~~~~~~~~~~~~~~~~~~~~~~~~
../Core/Src/main.c:43:1: error: unknown type name 'I2C_HandleTypeDef'
   43 | I2C_HandleTypeDef hi2c1;
      | ^~~~~~~~~~~~~~~~~
../Drivers/CMSIS/Device/ST/STM32F1xx/Include/stm32f103xe.h:889:44: error: expected expression before ')' token
  889 | #define RCC                 ((RCC_TypeDef *)RCC_BASE)
      |                                            ^
../Drivers/CMSIS/Device/ST/STM32F1xx/Include/stm32f1xx.h:182:33: note: in definition of macro 'READ_BIT'
  182 | #define READ_BIT(REG, BIT)    ((REG) & (BIT))
      |                                 ^~~
../Drivers/STM32F1xx_HAL_Driver/Inc/stm32f1xx_hal_rcc.h:499:59: note: in expansion of macro 'RCC'
  499 |                                         tmpreg = READ_BIT(RCC->APB2ENR, RCC_APB2ENR_AFIOEN);\
      |                                                           ^~~
../Core/Src/stm32f1xx_hal_msp.c:69:3: note: in expansion of macro '__HAL_RCC_AFIO_CLK_ENABLE'
   69 |   __HAL_RCC_AFIO_CLK_ENABLE();
      |   ^~~~~~~~~~~~~~~~~~~~~~~~~
In file included from ../Core/Inc/stm32f1xx_hal_conf.h:238,
                 from ../Drivers/STM32F1xx_HAL_Driver/Inc/stm32f1xx_hal.h:30,
                 from ../Core/Inc/main.h:31,
                 from ../Core/Src/stm32f1xx_hal_msp.c:22:
../Drivers/STM32F1xx_HAL_Driver/Inc/stm32f1xx_hal_rcc.h:441:46: error: unknown type name 'uint32_t'
  441 |                                         __IO uint32_t tmpreg; \
      |                                              ^~~~~~~~
../Core/Src/stm32f1xx_hal_msp.c:70:3: note: in expansion of macro '__HAL_RCC_PWR_CLK_ENABLE'
   70 |   __HAL_RCC_PWR_CLK_ENABLE();
      |   ^~~~~~~~~~~~~~~~~~~~~~~~
In file included from ../Drivers/STM32F1xx_HAL_Driver/Inc/stm32f1xx_hal_def.h:30,
                 from ../Drivers/STM32F1xx_HAL_Driver/Inc/stm32f1xx_hal_rcc.h:29,
                 from ../Core/Inc/stm32f1xx_hal_conf.h:238,
                 from ../Drivers/STM32F1xx_HAL_Driver/Inc/stm32f1xx_hal.h:30,
                 from ../Core/Inc/main.h:31,
                 from ../Core/Src/stm32f1xx_hal_msp.c:22:
../Drivers/CMSIS/Device/ST/STM32F1xx/Include/stm32f103xe.h:889:44: error: expected expression before ')' token
  889 | #define RCC                 ((RCC_TypeDef *)RCC_BASE)
      |                                            ^
../Drivers/CMSIS/Device/ST/STM32F1xx/Include/stm32f1xx.h:178:33: note: in definition of macro 'SET_BIT'
  178 | #define SET_BIT(REG, BIT)     ((REG) |= (BIT))
      |                                 ^~~
../Drivers/STM32F1xx_HAL_Driver/Inc/stm32f1xx_hal_rcc.h:442:49: note: in expansion of macro 'RCC'
  442 |                                         SET_BIT(RCC->APB1ENR, RCC_APB1ENR_PWREN);\
      |                                                 ^~~
../Core/Src/stm32f1xx_hal_msp.c:70:3: note: in expansion of macro '__HAL_RCC_PWR_CLK_ENABLE'
   70 |   __HAL_RCC_PWR_CLK_ENABLE();
      |   ^~~~~~~~~~~~~~~~~~~~~~~~
../Drivers/CMSIS/Device/ST/STM32F1xx/Include/stm32f103xe.h:889:44: error: expected expression before ')' token
  889 | #define RCC                 ((RCC_TypeDef *)RCC_BASE)
      |                                            ^
../Drivers/CMSIS/Device/ST/STM32F1xx/Include/stm32f1xx.h:182:33: note: in definition of macro 'READ_BIT'
  182 | #define READ_BIT(REG, BIT)    ((REG) & (BIT))
      |                                 ^~~
../Drivers/STM32F1xx_HAL_Driver/Inc/stm32f1xx_hal_rcc.h:444:59: note: in expansion of macro 'RCC'
  444 |                                         tmpreg = READ_BIT(RCC->APB1ENR, RCC_APB1ENR_PWREN);\
      |                                                           ^~~
../Core/Src/stm32f1xx_hal_msp.c:70:3: note: in expansion of macro '__HAL_RCC_PWR_CLK_ENABLE'
   70 |   __HAL_RCC_PWR_CLK_ENABLE();
      |   ^~~~~~~~~~~~~~~~~~~~~~~~
In file included from ../Drivers/STM32F1xx_HAL_Driver/Inc/stm32f1xx_hal_gpio.h:213,
                 from ../Core/Inc/stm32f1xx_hal_conf.h:242,
                 from ../Drivers/STM32F1xx_HAL_Driver/Inc/stm32f1xx_hal.h:30,
                 from ../Core/Inc/main.h:31,
                 from ../Core/Src/stm32f1xx_hal_msp.c:22:
../Drivers/STM32F1xx_HAL_Driver/Inc/stm32f1xx_hal_gpio_ex.h:848:48: error: unknown type name 'uint32_t'
  848 | #define AFIO_DBGAFR_CONFIG(DBGAFR_SWJCFG)  do{ uint32_t tmpreg = AFIO->MAPR;     \
      |                                                ^~~~~~~~
../Drivers/STM32F1xx_HAL_Driver/Inc/stm32f1xx_hal_gpio_ex.h:485:40: note: in expansion of macro 'AFIO_DBGAFR_CONFIG'
  485 | #define __HAL_AFIO_REMAP_SWJ_NOJTAG()  AFIO_DBGAFR_CONFIG(AFIO_MAPR_SWJ_CFG_JTAGDISABLE)
      |                                        ^~~~~~~~~~~~~~~~~~
../Core/Src/stm32f1xx_hal_msp.c:76:3: note: in expansion of macro '__HAL_AFIO_REMAP_SWJ_NOJTAG'
   76 |   __HAL_AFIO_REMAP_SWJ_NOJTAG();
      |   ^~~~~~~~~~~~~~~~~~~~~~~~~~~
../Core/Src/stm32f1xx_hal_msp.c:23:1: note: 'uint32_t' is defined in header '<stdint.h>'; did you forget to '#include <stdint.h>'?
   22 | #include "main.h"
  +++ |+#include <stdint.h>
   23 | /* USER CODE BEGIN Includes */
../Core/Src/main.c:45:1: error: unknown type name 'SPI_HandleTypeDef'
   45 | SPI_HandleTypeDef hspi1;
      | ^~~~~~~~~~~~~~~~~
In file included from ../Core/Src/stm32f1xx_it.c:22:
../Core/Inc/stm32f1xx_it.h:25:9: error: expected identifier or '(' before string constant
   25 |  extern "C" {
      |         ^~~
../Core/Src/stm32f1xx_it.c: In function 'SysTick_Handler':
../Core/Src/stm32f1xx_it.c:188:3: warning: implicit declaration of function 'HAL_IncTick' [-Wimplicit-function-declaration]
  188 |   HAL_IncTick();
      |   ^~~~~~~~~~~
In file included from ../Drivers/CMSIS/Device/ST/STM32F1xx/Include/stm32f1xx.h:133,
                 from ../Drivers/STM32F1xx_HAL_Driver/Inc/stm32f1xx_hal_def.h:30,
                 from ../Drivers/STM32F1xx_HAL_Driver/Inc/stm32f1xx_hal_rcc.h:29,
                 from ../Core/Inc/stm32f1xx_hal_conf.h:238,
                 from ../Drivers/STM32F1xx_HAL_Driver/Inc/stm32f1xx_hal.h:30,
                 from ../Core/Inc/main.h:31,
                 from ../Core/Src/stm32f1xx_hal_msp.c:22:
../Drivers/CMSIS/Device/ST/STM32F1xx/Include/stm32f103xe.h:857:31: error: 'AFIO_TypeDef' undeclared (first use in this function)
  857 | #define AFIO                ((AFIO_TypeDef *)AFIO_BASE)
      |                               ^~~~~~~~~~~~
../Drivers/STM32F1xx_HAL_Driver/Inc/stm32f1xx_hal_gpio_ex.h:848:66: note: in expansion of macro 'AFIO'
  848 | #define AFIO_DBGAFR_CONFIG(DBGAFR_SWJCFG)  do{ uint32_t tmpreg = AFIO->MAPR;     \
      |                                                                  ^~~~
../Drivers/STM32F1xx_HAL_Driver/Inc/stm32f1xx_hal_gpio_ex.h:485:40: note: in expansion of macro 'AFIO_DBGAFR_CONFIG'
  485 | #define __HAL_AFIO_REMAP_SWJ_NOJTAG()  AFIO_DBGAFR_CONFIG(AFIO_MAPR_SWJ_CFG_JTAGDISABLE)
      |                                        ^~~~~~~~~~~~~~~~~~
../Core/Src/stm32f1xx_hal_msp.c:76:3: note: in expansion of macro '__HAL_AFIO_REMAP_SWJ_NOJTAG'
   76 |   __HAL_AFIO_REMAP_SWJ_NOJTAG();
      |   ^~~~~~~~~~~~~~~~~~~~~~~~~~~
../Drivers/CMSIS/Device/ST/STM32F1xx/Include/stm32f103xe.h:857:45: error: expected expression before ')' token
  857 | #define AFIO                ((AFIO_TypeDef *)AFIO_BASE)
      |                                             ^
../Drivers/STM32F1xx_HAL_Driver/Inc/stm32f1xx_hal_gpio_ex.h:848:66: note: in expansion of macro 'AFIO'
  848 | #define AFIO_DBGAFR_CONFIG(DBGAFR_SWJCFG)  do{ uint32_t tmpreg = AFIO->MAPR;     \
      |                                                                  ^~~~
../Drivers/STM32F1xx_HAL_Driver/Inc/stm32f1xx_hal_gpio_ex.h:485:40: note: in expansion of macro 'AFIO_DBGAFR_CONFIG'
  485 | #define __HAL_AFIO_REMAP_SWJ_NOJTAG()  AFIO_DBGAFR_CONFIG(AFIO_MAPR_SWJ_CFG_JTAGDISABLE)
      |                                        ^~~~~~~~~~~~~~~~~~
../Core/Src/stm32f1xx_hal_msp.c:76:3: note: in expansion of macro '__HAL_AFIO_REMAP_SWJ_NOJTAG'
   76 |   __HAL_AFIO_REMAP_SWJ_NOJTAG();
      |   ^~~~~~~~~~~~~~~~~~~~~~~~~~~
../Core/Src/main.c:47:1: error: unknown type name 'UART_HandleTypeDef'
   47 | UART_HandleTypeDef huart4;
      | ^~~~~~~~~~~~~~~~~~
../Drivers/CMSIS/Device/ST/STM32F1xx/Include/stm32f103xe.h:857:45: error: expected expression before ')' token
  857 | #define AFIO                ((AFIO_TypeDef *)AFIO_BASE)
      |                                             ^
../Drivers/STM32F1xx_HAL_Driver/Inc/stm32f1xx_hal_gpio_ex.h:851:48: note: in expansion of macro 'AFIO'
  851 |                                                AFIO->MAPR = tmpreg;              \
      |                                                ^~~~
../Drivers/STM32F1xx_HAL_Driver/Inc/stm32f1xx_hal_gpio_ex.h:485:40: note: in expansion of macro 'AFIO_DBGAFR_CONFIG'
  485 | #define __HAL_AFIO_REMAP_SWJ_NOJTAG()  AFIO_DBGAFR_CONFIG(AFIO_MAPR_SWJ_CFG_JTAGDISABLE)
      |                                        ^~~~~~~~~~~~~~~~~~
../Core/Src/stm32f1xx_hal_msp.c:76:3: note: in expansion of macro '__HAL_AFIO_REMAP_SWJ_NOJTAG'
   76 |   __HAL_AFIO_REMAP_SWJ_NOJTAG();
      |   ^~~~~~~~~~~~~~~~~~~~~~~~~~~
../Core/Src/stm32f1xx_hal_msp.c: At top level:
../Core/Src/stm32f1xx_hal_msp.c:89:22: error: unknown type name 'I2C_HandleTypeDef'
   89 | void HAL_I2C_MspInit(I2C_HandleTypeDef* hi2c)
      |                      ^~~~~~~~~~~~~~~~~
../Core/Src/main.c:48:1: error: unknown type name 'UART_HandleTypeDef'
   48 | UART_HandleTypeDef huart5;
      | ^~~~~~~~~~~~~~~~~~
../Core/Src/main.c: In function 'main':
../Core/Src/main.c:77:9: error: unknown type name 'Sensors'
   77 |         Sensors sensors = Sensors;
      |         ^~~~~~~
../Core/Src/main.c:77:27: error: 'Sensors' undeclared (first use in this function); did you mean 'sensors'?
   77 |         Sensors sensors = Sensors;
      |                           ^~~~~~~
      |                           sensors
../Core/Src/main.c:77:27: note: each undeclared identifier is reported only once for each function it appears in
../Core/Src/stm32f1xx_hal_msp.c:123:24: error: unknown type name 'I2C_HandleTypeDef'
  123 | void HAL_I2C_MspDeInit(I2C_HandleTypeDef* hi2c)
      |                        ^~~~~~~~~~~~~~~~~
../Core/Src/main.c:84:3: warning: implicit declaration of function 'HAL_Init' [-Wimplicit-function-declaration]
   84 |   HAL_Init();
      |   ^~~~~~~~
../Core/Src/main.c:77:17: warning: unused variable 'sensors' [-Wunused-variable]
   77 |         Sensors sensors = Sensors;
      |                 ^~~~~~~
make: *** [Core/Src/subdir.mk:47: Core/Src/stm32f1xx_it.o] Error 1
make: *** Waiting for unfinished jobs....
../Core/Src/stm32f1xx_hal_msp.c:154:22: error: unknown type name 'SPI_HandleTypeDef'
  154 | void HAL_SPI_MspInit(SPI_HandleTypeDef* hspi)
      |                      ^~~~~~~~~~~~~~~~~
../Core/Src/main.c: In function 'SystemClock_Config':
../Core/Src/main.c:127:3: error: unknown type name 'RCC_OscInitTypeDef'
  127 |   RCC_OscInitTypeDef RCC_OscInitStruct = {0};
      |   ^~~~~~~~~~~~~~~~~~
../Core/Src/stm32f1xx_hal_msp.c:194:24: error: unknown type name 'SPI_HandleTypeDef'
  194 | void HAL_SPI_MspDeInit(SPI_HandleTypeDef* hspi)
      |                        ^~~~~~~~~~~~~~~~~
../Core/Src/main.c:128:3: error: unknown type name 'RCC_ClkInitTypeDef'
  128 |   RCC_ClkInitTypeDef RCC_ClkInitStruct = {0};
      |   ^~~~~~~~~~~~~~~~~~
../Core/Src/main.c:133:20: error: request for member 'OscillatorType' in something not a structure or union
  133 |   RCC_OscInitStruct.OscillatorType = RCC_OSCILLATORTYPE_HSI;
      |                    ^
../Core/Src/main.c:134:20: error: request for member 'HSIState' in something not a structure or union
  134 |   RCC_OscInitStruct.HSIState = RCC_HSI_ON;
      |                    ^
../Core/Src/main.c:135:20: error: request for member 'HSICalibrationValue' in something not a structure or union
  135 |   RCC_OscInitStruct.HSICalibrationValue = RCC_HSICALIBRATION_DEFAULT;
      |                    ^
../Core/Src/main.c:136:20: error: request for member 'PLL' in something not a structure or union
  136 |   RCC_OscInitStruct.PLL.PLLState = RCC_PLL_NONE;
      |                    ^
../Core/Src/stm32f1xx_hal_msp.c:224:23: error: unknown type name 'UART_HandleTypeDef'
  224 | void HAL_UART_MspInit(UART_HandleTypeDef* huart)
      |                       ^~~~~~~~~~~~~~~~~~
../Core/Src/main.c:137:7: warning: implicit declaration of function 'HAL_RCC_OscConfig' [-Wimplicit-function-declaration]
  137 |   if (HAL_RCC_OscConfig(&RCC_OscInitStruct) != HAL_OK)
      |       ^~~~~~~~~~~~~~~~~
../Core/Src/main.c:137:48: error: 'HAL_OK' undeclared (first use in this function)
  137 |   if (HAL_RCC_OscConfig(&RCC_OscInitStruct) != HAL_OK)
      |                                                ^~~~~~
../Core/Src/main.c:139:5: warning: implicit declaration of function 'Error_Handler' [-Wimplicit-function-declaration]
  139 |     Error_Handler();
      |     ^~~~~~~~~~~~~
../Core/Src/main.c:144:20: error: request for member 'ClockType' in something not a structure or union
  144 |   RCC_ClkInitStruct.ClockType = RCC_CLOCKTYPE_HCLK|RCC_CLOCKTYPE_SYSCLK
      |                    ^
../Core/Src/main.c:146:20: error: request for member 'SYSCLKSource' in something not a structure or union
  146 |   RCC_ClkInitStruct.SYSCLKSource = RCC_SYSCLKSOURCE_HSI;
      |                    ^
../Core/Src/main.c:147:20: error: request for member 'AHBCLKDivider' in something not a structure or union
  147 |   RCC_ClkInitStruct.AHBCLKDivider = RCC_SYSCLK_DIV1;
      |                    ^
../Core/Src/main.c:148:20: error: request for member 'APB1CLKDivider' in something not a structure or union
  148 |   RCC_ClkInitStruct.APB1CLKDivider = RCC_HCLK_DIV1;
      |                    ^
../Core/Src/stm32f1xx_hal_msp.c:291:25: error: unknown type name 'UART_HandleTypeDef'
  291 | void HAL_UART_MspDeInit(UART_HandleTypeDef* huart)
      |                         ^~~~~~~~~~~~~~~~~~
../Core/Src/main.c:149:20: error: request for member 'APB2CLKDivider' in something not a structure or union
  149 |   RCC_ClkInitStruct.APB2CLKDivider = RCC_HCLK_DIV1;
      |                    ^
../Core/Src/main.c:151:7: warning: implicit declaration of function 'HAL_RCC_ClockConfig' [-Wimplicit-function-declaration]
  151 |   if (HAL_RCC_ClockConfig(&RCC_ClkInitStruct, FLASH_LATENCY_0) != HAL_OK)
      |       ^~~~~~~~~~~~~~~~~~~
../Core/Src/main.c: In function 'MX_I2C1_Init':
../Core/Src/main.c:172:8: error: request for member 'Instance' in something not a structure or union
  172 |   hi2c1.Instance = I2C1;
      |        ^
In file included from ../Drivers/CMSIS/Device/ST/STM32F1xx/Include/stm32f1xx.h:133,
                 from ../Drivers/STM32F1xx_HAL_Driver/Inc/stm32f1xx_hal_def.h:30,
                 from ../Drivers/STM32F1xx_HAL_Driver/Inc/stm32f1xx_hal_rcc.h:29,
                 from ../Core/Inc/stm32f1xx_hal_conf.h:238,
                 from ../Drivers/STM32F1xx_HAL_Driver/Inc/stm32f1xx_hal.h:30,
                 from ../Core/Inc/main.h:31,
                 from ../Core/Inc/sensors.h:3,
                 from ../Core/Src/main.c:20:
../Drivers/CMSIS/Device/ST/STM32F1xx/Include/stm32f103xe.h:849:31: error: 'I2C_TypeDef' undeclared (first use in this function)
  849 | #define I2C1                ((I2C_TypeDef *)I2C1_BASE)
      |                               ^~~~~~~~~~~
../Core/Src/main.c:172:20: note: in expansion of macro 'I2C1'
  172 |   hi2c1.Instance = I2C1;
      |                    ^~~~
../Drivers/CMSIS/Device/ST/STM32F1xx/Include/stm32f103xe.h:849:44: error: expected expression before ')' token
  849 | #define I2C1                ((I2C_TypeDef *)I2C1_BASE)
      |                                            ^
../Core/Src/main.c:172:20: note: in expansion of macro 'I2C1'
  172 |   hi2c1.Instance = I2C1;
      |                    ^~~~
../Core/Src/main.c:173:8: error: request for member 'Init' in something not a structure or union
  173 |   hi2c1.Init.ClockSpeed = 100000;
      |        ^
../Core/Src/main.c:174:8: error: request for member 'Init' in something not a structure or union
  174 |   hi2c1.Init.DutyCycle = I2C_DUTYCYCLE_2;
      |        ^
../Core/Src/main.c:175:8: error: request for member 'Init' in something not a structure or union
  175 |   hi2c1.Init.OwnAddress1 = 0;
      |        ^
../Core/Src/main.c:176:8: error: request for member 'Init' in something not a structure or union
  176 |   hi2c1.Init.AddressingMode = I2C_ADDRESSINGMODE_7BIT;
      |        ^
In file included from ../Core/Src/spi.cpp:1:
../Core/Inc/main.h:24: warning: "__cplusplus" redefined
   24 | #define __cplusplus
      | 
In file included from ../Core/Src/sensors.cpp:3:
../Core/Inc/main.h:24: warning: "__cplusplus" redefined
   24 | #define __cplusplus
      | 
<built-in>: note: this is the location of the previous definition
<built-in>: note: this is the location of the previous definition
../Core/Src/main.c:177:8: error: request for member 'Init' in something not a structure or union
  177 |   hi2c1.Init.DualAddressMode = I2C_DUALADDRESS_DISABLE;
      |        ^
../Core/Src/main.c:178:8: error: request for member 'Init' in something not a structure or union
  178 |   hi2c1.Init.OwnAddress2 = 0;
      |        ^
../Core/Src/main.c:179:8: error: request for member 'Init' in something not a structure or union
  179 |   hi2c1.Init.GeneralCallMode = I2C_GENERALCALL_DISABLE;
      |        ^
../Core/Src/main.c:180:8: error: request for member 'Init' in something not a structure or union
  180 |   hi2c1.Init.NoStretchMode = I2C_NOSTRETCH_DISABLE;
      |        ^
In file included from ../Drivers/CMSIS/Include/core_cm3.h:34,
                 from ../Drivers/CMSIS/Device/ST/STM32F1xx/Include/stm32f103xe.h:149,
                 from ../Drivers/CMSIS/Device/ST/STM32F1xx/Include/stm32f1xx.h:133,
                 from ../Drivers/STM32F1xx_HAL_Driver/Inc/stm32f1xx_hal_def.h:30,
                 from ../Drivers/STM32F1xx_HAL_Driver/Inc/stm32f1xx_hal_rcc.h:29,
                 from ../Core/Inc/stm32f1xx_hal_conf.h:238,
                 from ../Drivers/STM32F1xx_HAL_Driver/Inc/stm32f1xx_hal.h:30,
                 from ../Core/Inc/main.h:31,
                 from ../Core/Src/spi.cpp:1:
C:\ST\STM32CubeIDE_1.11.0\STM32CubeIDE\plugins\com.st.stm32cube.ide.mcu.externaltools.gnu-tools-for-stm32.11.3.rel1.win32_1.1.1.202309131626\tools\bin/../lib/gcc/arm-none-eabi/11.3.1/include/stdint.h:3:41: error: operator '&&' has no right operand
    3 | # if defined __cplusplus && __cplusplus >= 201103L
      |                                         ^~
In file included from ../Drivers/CMSIS/Include/core_cm3.h:34,
                 from ../Drivers/CMSIS/Device/ST/STM32F1xx/Include/stm32f103xe.h:149,
                 from ../Drivers/CMSIS/Device/ST/STM32F1xx/Include/stm32f1xx.h:133,
                 from ../Drivers/STM32F1xx_HAL_Driver/Inc/stm32f1xx_hal_def.h:30,
                 from ../Drivers/STM32F1xx_HAL_Driver/Inc/stm32f1xx_hal_rcc.h:29,
                 from ../Core/Inc/stm32f1xx_hal_conf.h:238,
                 from ../Drivers/STM32F1xx_HAL_Driver/Inc/stm32f1xx_hal.h:30,
                 from ../Core/Inc/main.h:31,
                 from ../Core/Src/sensors.cpp:3:
C:\ST\STM32CubeIDE_1.11.0\STM32CubeIDE\plugins\com.st.stm32cube.ide.mcu.externaltools.gnu-tools-for-stm32.11.3.rel1.win32_1.1.1.202309131626\tools\bin/../lib/gcc/arm-none-eabi/11.3.1/include/stdint.h:3:41: error: operator '&&' has no right operand
    3 | # if defined __cplusplus && __cplusplus >= 201103L
      |                                         ^~
../Core/Src/main.c:181:7: warning: implicit declaration of function 'HAL_I2C_Init'; did you mean 'MX_I2C1_Init'? [-Wimplicit-function-declaration]
  181 |   if (HAL_I2C_Init(&hi2c1) != HAL_OK)
      |       ^~~~~~~~~~~~
      |       MX_I2C1_Init
../Core/Src/main.c:181:31: error: 'HAL_OK' undeclared (first use in this function)
  181 |   if (HAL_I2C_Init(&hi2c1) != HAL_OK)
      |                               ^~~~~~
../Core/Src/main.c: In function 'MX_SPI1_Init':
../Core/Src/main.c:207:8: error: request for member 'Instance' in something not a structure or union
  207 |   hspi1.Instance = SPI1;
      |        ^
make: *** [Core/Src/subdir.mk:47: Core/Src/stm32f1xx_hal_msp.o] Error 1
In file included from ../Drivers/CMSIS/Device/ST/STM32F1xx/Include/stm32f1xx.h:133,
                 from ../Drivers/STM32F1xx_HAL_Driver/Inc/stm32f1xx_hal_def.h:30,
                 from ../Drivers/STM32F1xx_HAL_Driver/Inc/stm32f1xx_hal_rcc.h:29,
                 from ../Core/Inc/stm32f1xx_hal_conf.h:238,
                 from ../Drivers/STM32F1xx_HAL_Driver/Inc/stm32f1xx_hal.h:30,
                 from ../Core/Inc/main.h:31,
                 from ../Core/Inc/sensors.h:3,
                 from ../Core/Src/main.c:20:
../Drivers/CMSIS/Device/ST/STM32F1xx/Include/stm32f103xe.h:871:31: error: 'SPI_TypeDef' undeclared (first use in this function)
  871 | #define SPI1                ((SPI_TypeDef *)SPI1_BASE)
      |                               ^~~~~~~~~~~
../Core/Src/main.c:207:20: note: in expansion of macro 'SPI1'
  207 |   hspi1.Instance = SPI1;
      |                    ^~~~
../Drivers/CMSIS/Device/ST/STM32F1xx/Include/stm32f103xe.h:871:44: error: expected expression before ')' token
  871 | #define SPI1                ((SPI_TypeDef *)SPI1_BASE)
      |                                            ^
../Core/Src/main.c:207:20: note: in expansion of macro 'SPI1'
  207 |   hspi1.Instance = SPI1;
      |                    ^~~~
../Core/Src/main.c:208:8: error: request for member 'Init' in something not a structure or union
  208 |   hspi1.Init.Mode = SPI_MODE_MASTER;
      |        ^
../Core/Src/main.c:209:8: error: request for member 'Init' in something not a structure or union
  209 |   hspi1.Init.Direction = SPI_DIRECTION_2LINES;
      |        ^
../Core/Src/main.c:210:8: error: request for member 'Init' in something not a structure or union
  210 |   hspi1.Init.DataSize = SPI_DATASIZE_8BIT;
      |        ^
../Core/Src/main.c:211:8: error: request for member 'Init' in something not a structure or union
  211 |   hspi1.Init.CLKPolarity = SPI_POLARITY_LOW;
      |        ^
../Core/Src/main.c:212:8: error: request for member 'Init' in something not a structure or union
  212 |   hspi1.Init.CLKPhase = SPI_PHASE_1EDGE;
      |        ^
../Core/Src/main.c:213:8: error: request for member 'Init' in something not a structure or union
  213 |   hspi1.Init.NSS = SPI_NSS_SOFT;
      |        ^
../Core/Src/main.c:214:8: error: request for member 'Init' in something not a structure or union
  214 |   hspi1.Init.BaudRatePrescaler = SPI_BAUDRATEPRESCALER_2;
      |        ^
../Core/Src/main.c:215:8: error: request for member 'Init' in something not a structure or union
  215 |   hspi1.Init.FirstBit = SPI_FIRSTBIT_MSB;
      |        ^
../Core/Src/main.c:216:8: error: request for member 'Init' in something not a structure or union
  216 |   hspi1.Init.TIMode = SPI_TIMODE_DISABLE;
      |        ^
../Core/Src/main.c:217:8: error: request for member 'Init' in something not a structure or union
  217 |   hspi1.Init.CRCCalculation = SPI_CRCCALCULATION_DISABLE;
      |        ^
../Core/Src/main.c:218:8: error: request for member 'Init' in something not a structure or union
  218 |   hspi1.Init.CRCPolynomial = 10;
      |        ^
../Core/Src/main.c:219:7: warning: implicit declaration of function 'HAL_SPI_Init'; did you mean 'MX_SPI1_Init'? [-Wimplicit-function-declaration]
  219 |   if (HAL_SPI_Init(&hspi1) != HAL_OK)
      |       ^~~~~~~~~~~~
      |       MX_SPI1_Init
In file included from ../Drivers/STM32F1xx_HAL_Driver/Inc/stm32f1xx_hal_def.h:32,
                 from ../Drivers/STM32F1xx_HAL_Driver/Inc/stm32f1xx_hal_rcc.h:29,
                 from ../Core/Inc/stm32f1xx_hal_conf.h:238,
                 from ../Drivers/STM32F1xx_HAL_Driver/Inc/stm32f1xx_hal.h:30,
                 from ../Core/Inc/main.h:31,
                 from ../Core/Src/spi.cpp:1:
C:\ST\STM32CubeIDE_1.11.0\STM32CubeIDE\plugins\com.st.stm32cube.ide.mcu.externaltools.gnu-tools-for-stm32.11.3.rel1.win32_1.1.1.202309131626\tools\bin/../lib/gcc/arm-none-eabi/11.3.1/include/stddef.h:409:43: error: operator '&&' has no right operand
  409 |   || (defined(__cplusplus) && __cplusplus >= 201103L)
      |                                           ^~
C:\ST\STM32CubeIDE_1.11.0\STM32CubeIDE\plugins\com.st.stm32cube.ide.mcu.externaltools.gnu-tools-for-stm32.11.3.rel1.win32_1.1.1.202309131626\tools\bin/../lib/gcc/arm-none-eabi/11.3.1/include/stddef.h:430:41: error: operator '&&' has no right operand
  430 | #if defined(__cplusplus) && __cplusplus >= 201103L
      |                                         ^~
../Core/Src/main.c:219:31: error: 'HAL_OK' undeclared (first use in this function)
  219 |   if (HAL_SPI_Init(&hspi1) != HAL_OK)
      |                               ^~~~~~
../Core/Src/main.c: In function 'MX_UART4_Init':
../Core/Src/main.c:244:9: error: request for member 'Instance' in something not a structure or union
  244 |   huart4.Instance = UART4;
      |         ^
In file included from ../Drivers/STM32F1xx_HAL_Driver/Inc/stm32f1xx_hal_def.h:32,
                 from ../Drivers/STM32F1xx_HAL_Driver/Inc/stm32f1xx_hal_rcc.h:29,
                 from ../Core/Inc/stm32f1xx_hal_conf.h:238,
                 from ../Drivers/STM32F1xx_HAL_Driver/Inc/stm32f1xx_hal.h:30,
                 from ../Core/Inc/main.h:31,
                 from ../Core/Src/sensors.cpp:3:
C:\ST\STM32CubeIDE_1.11.0\STM32CubeIDE\plugins\com.st.stm32cube.ide.mcu.externaltools.gnu-tools-for-stm32.11.3.rel1.win32_1.1.1.202309131626\tools\bin/../lib/gcc/arm-none-eabi/11.3.1/include/stddef.h:409:43: error: operator '&&' has no right operand
  409 |   || (defined(__cplusplus) && __cplusplus >= 201103L)
      |                                           ^~
C:\ST\STM32CubeIDE_1.11.0\STM32CubeIDE\plugins\com.st.stm32cube.ide.mcu.externaltools.gnu-tools-for-stm32.11.3.rel1.win32_1.1.1.202309131626\tools\bin/../lib/gcc/arm-none-eabi/11.3.1/include/stddef.h:430:41: error: operator '&&' has no right operand
  430 | #if defined(__cplusplus) && __cplusplus >= 201103L
      |                                         ^~
In file included from ../Drivers/CMSIS/Device/ST/STM32F1xx/Include/stm32f1xx.h:133,
                 from ../Drivers/STM32F1xx_HAL_Driver/Inc/stm32f1xx_hal_def.h:30,
                 from ../Drivers/STM32F1xx_HAL_Driver/Inc/stm32f1xx_hal_rcc.h:29,
                 from ../Core/Inc/stm32f1xx_hal_conf.h:238,
                 from ../Drivers/STM32F1xx_HAL_Driver/Inc/stm32f1xx_hal.h:30,
                 from ../Core/Inc/main.h:31,
                 from ../Core/Inc/sensors.h:3,
                 from ../Core/Src/main.c:20:
../Drivers/CMSIS/Device/ST/STM32F1xx/Include/stm32f103xe.h:847:31: error: 'USART_TypeDef' undeclared (first use in this function)
  847 | #define UART4               ((USART_TypeDef *)UART4_BASE)
      |                               ^~~~~~~~~~~~~
../Core/Src/main.c:244:21: note: in expansion of macro 'UART4'
  244 |   huart4.Instance = UART4;
      |                     ^~~~~
../Drivers/CMSIS/Device/ST/STM32F1xx/Include/stm32f103xe.h:847:46: error: expected expression before ')' token
  847 | #define UART4               ((USART_TypeDef *)UART4_BASE)
      |                                              ^
../Core/Src/main.c:244:21: note: in expansion of macro 'UART4'
  244 |   huart4.Instance = UART4;
      |                     ^~~~~
../Core/Src/main.c:245:9: error: request for member 'Init' in something not a structure or union
  245 |   huart4.Init.BaudRate = 115200;
      |         ^
../Core/Src/main.c:246:9: error: request for member 'Init' in something not a structure or union
  246 |   huart4.Init.WordLength = UART_WORDLENGTH_8B;
      |         ^
../Core/Src/main.c:247:9: error: request for member 'Init' in something not a structure or union
  247 |   huart4.Init.StopBits = UART_STOPBITS_1;
      |         ^
../Core/Src/main.c:248:9: error: request for member 'Init' in something not a structure or union
  248 |   huart4.Init.Parity = UART_PARITY_NONE;
      |         ^
../Core/Src/main.c:249:9: error: request for member 'Init' in something not a structure or union
  249 |   huart4.Init.Mode = UART_MODE_TX_RX;
      |         ^
In file included from ../Core/Inc/stm32f1xx_hal_conf.h:338,
                 from ../Drivers/STM32F1xx_HAL_Driver/Inc/stm32f1xx_hal.h:30,
                 from ../Core/Inc/main.h:31,
                 from ../Core/Inc/sensors.h:3,
                 from ../Core/Src/main.c:20:
../Drivers/STM32F1xx_HAL_Driver/Inc/stm32f1xx_hal_uart.h:301:47: error: 'uint32_t' undeclared (first use in this function)
  301 | #define UART_MODE_TX_RX                     ((uint32_t)(USART_CR1_TE | USART_CR1_RE))
      |                                               ^~~~~~~~
../Core/Src/main.c:249:22: note: in expansion of macro 'UART_MODE_TX_RX'
  249 |   huart4.Init.Mode = UART_MODE_TX_RX;
      |                      ^~~~~~~~~~~~~~~
../Core/Src/main.c:22:1: note: 'uint32_t' is defined in header '<stdint.h>'; did you forget to '#include <stdint.h>'?
   21 | #include "main.h"
  +++ |+#include <stdint.h>
   22 | 
../Core/Src/main.c:250:9: error: request for member 'Init' in something not a structure or union
  250 |   huart4.Init.HwFlowCtl = UART_HWCONTROL_NONE;
      |         ^
../Core/Src/main.c:251:9: error: request for member 'Init' in something not a structure or union
  251 |   huart4.Init.OverSampling = UART_OVERSAMPLING_16;
      |         ^
../Core/Src/main.c:252:7: warning: implicit declaration of function 'HAL_UART_Init'; did you mean 'MX_UART5_Init'? [-Wimplicit-function-declaration]
  252 |   if (HAL_UART_Init(&huart4) != HAL_OK)
      |       ^~~~~~~~~~~~~
      |       MX_UART5_Init
../Core/Src/main.c:252:33: error: 'HAL_OK' undeclared (first use in this function)
  252 |   if (HAL_UART_Init(&huart4) != HAL_OK)
      |                                 ^~~~~~
../Core/Src/main.c: In function 'MX_UART5_Init':
../Core/Src/main.c:277:9: error: request for member 'Instance' in something not a structure or union
  277 |   huart5.Instance = UART5;
      |         ^
In file included from ../Core/Src/spi.cpp:2:
../Core/Inc/tmag5170.h:4:9: error: 'uint_8_t' does not name a type; did you mean 'uint8_t'?
    4 |         uint_8_t DATA_TYPE;
      |         ^~~~~~~~
      |         uint8_t
In file included from ../Core/Inc/sensors.h:4,
                 from ../Core/Src/sensors.cpp:4:
../Core/Inc/tmag5170.h:4:9: error: 'uint_8_t' does not name a type; did you mean 'uint8_t'?
    4 |         uint_8_t DATA_TYPE;
      |         ^~~~~~~~
      |         uint8_t
../Core/Src/sensors.cpp: In function 'int32_t selectSensor(uint16_t)':
../Core/Src/sensors.cpp:37:65: error: cannot convert 'bool' to 'GPIO_PinState'
   37 |                         HAL_GPIO_WritePin(CS_GPIO_Port, CS_Pin, reminder);
      |                                                                 ^~~~~~~~
      |                                                                 |
      |                                                                 bool
In file included from ../Core/Inc/stm32f1xx_hal_conf.h:242,
                 from ../Drivers/STM32F1xx_HAL_Driver/Inc/stm32f1xx_hal.h:30,
                 from ../Core/Inc/main.h:31,
                 from ../Core/Src/sensors.cpp:3:
../Drivers/STM32F1xx_HAL_Driver/Inc/stm32f1xx_hal_gpio.h:235:78: note:   initializing argument 3 of 'void HAL_GPIO_WritePin(GPIO_TypeDef*, uint16_t, GPIO_PinState)'
  235 | void HAL_GPIO_WritePin(GPIO_TypeDef *GPIOx, uint16_t GPIO_Pin, GPIO_PinState PinState);
      |                                                                ~~~~~~~~~~~~~~^~~~~~~~
In file included from ../Drivers/CMSIS/Device/ST/STM32F1xx/Include/stm32f1xx.h:133,
                 from ../Drivers/STM32F1xx_HAL_Driver/Inc/stm32f1xx_hal_def.h:30,
                 from ../Drivers/STM32F1xx_HAL_Driver/Inc/stm32f1xx_hal_rcc.h:29,
                 from ../Core/Inc/stm32f1xx_hal_conf.h:238,
                 from ../Drivers/STM32F1xx_HAL_Driver/Inc/stm32f1xx_hal.h:30,
                 from ../Core/Inc/main.h:31,
                 from ../Core/Inc/sensors.h:3,
                 from ../Core/Src/main.c:20:
../Drivers/CMSIS/Device/ST/STM32F1xx/Include/stm32f103xe.h:848:31: error: 'USART_TypeDef' undeclared (first use in this function)
  848 | #define UART5               ((USART_TypeDef *)UART5_BASE)
      |                               ^~~~~~~~~~~~~
../Core/Src/main.c:277:21: note: in expansion of macro 'UART5'
  277 |   huart5.Instance = UART5;
      |                     ^~~~~
../Drivers/CMSIS/Device/ST/STM32F1xx/Include/stm32f103xe.h:848:46: error: expected expression before ')' token
  848 | #define UART5               ((USART_TypeDef *)UART5_BASE)
      |                                              ^
../Core/Src/main.c:277:21: note: in expansion of macro 'UART5'
  277 |   huart5.Instance = UART5;
      |                     ^~~~~
../Core/Src/main.c:278:9: error: request for member 'Init' in something not a structure or union
  278 |   huart5.Init.BaudRate = 115200;
      |         ^
../Core/Src/main.c:279:9: error: request for member 'Init' in something not a structure or union
  279 |   huart5.Init.WordLength = UART_WORDLENGTH_8B;
      |         ^
../Core/Src/main.c:280:9: error: request for member 'Init' in something not a structure or union
  280 |   huart5.Init.StopBits = UART_STOPBITS_1;
      |         ^
../Core/Src/main.c:281:9: error: request for member 'Init' in something not a structure or union
  281 |   huart5.Init.Parity = UART_PARITY_NONE;
      |         ^
../Core/Src/main.c:282:9: error: request for member 'Init' in something not a structure or union
  282 |   huart5.Init.Mode = UART_MODE_TX_RX;
      |         ^
In file included from ../Core/Inc/stm32f1xx_hal_conf.h:338,
                 from ../Drivers/STM32F1xx_HAL_Driver/Inc/stm32f1xx_hal.h:30,
                 from ../Core/Inc/main.h:31,
                 from ../Core/Inc/sensors.h:3,
                 from ../Core/Src/main.c:20:
../Drivers/STM32F1xx_HAL_Driver/Inc/stm32f1xx_hal_uart.h:301:47: error: 'uint32_t' undeclared (first use in this function)
  301 | #define UART_MODE_TX_RX                     ((uint32_t)(USART_CR1_TE | USART_CR1_RE))
      |                                               ^~~~~~~~
../Core/Src/main.c:282:22: note: in expansion of macro 'UART_MODE_TX_RX'
  282 |   huart5.Init.Mode = UART_MODE_TX_RX;
      |                      ^~~~~~~~~~~~~~~
../Drivers/STM32F1xx_HAL_Driver/Inc/stm32f1xx_hal_uart.h:301:47: note: 'uint32_t' is defined in header '<stdint.h>'; did you forget to '#include <stdint.h>'?
  301 | #define UART_MODE_TX_RX                     ((uint32_t)(USART_CR1_TE | USART_CR1_RE))
      |                                               ^~~~~~~~
../Core/Src/main.c:282:22: note: in expansion of macro 'UART_MODE_TX_RX'
  282 |   huart5.Init.Mode = UART_MODE_TX_RX;
      |                      ^~~~~~~~~~~~~~~
../Core/Src/main.c:283:9: error: request for member 'Init' in something not a structure or union
  283 |   huart5.Init.HwFlowCtl = UART_HWCONTROL_NONE;
      |         ^
../Core/Src/main.c:284:9: error: request for member 'Init' in something not a structure or union
  284 |   huart5.Init.OverSampling = UART_OVERSAMPLING_16;
      |         ^
../Core/Src/sensors.cpp:38:25: error: 'clockPulse' was not declared in this scope
   38 |                         clockPulse();
      |                         ^~~~~~~~~~
../Core/Src/spi.cpp:24:17: error: 'OPERATING_MODE' does not name a type
   24 |                 OPERATING_MODE OPERATING_MODE;
      |                 ^~~~~~~~~~~~~~
../Core/Src/main.c:285:33: error: 'HAL_OK' undeclared (first use in this function)
  285 |   if (HAL_UART_Init(&huart5) != HAL_OK)
      |                                 ^~~~~~
../Core/Src/sensors.cpp:44:9: error: 'activateOE' was not declared in this scope
   44 |         activateOE();
      |         ^~~~~~~~~~
../Core/Src/sensors.cpp: In function 'void activateOE()':
../Core/Src/sensors.cpp:49:55: error: invalid conversion from 'int' to 'GPIO_PinState' [-fpermissive]
   49 |         HAL_GPIO_WritePin(SEN_OE_GPIO_Port,SEN_OE_Pin,0);
      |                                                       ^
      |                                                       |
      |                                                       int
In file included from ../Core/Inc/stm32f1xx_hal_conf.h:242,
                 from ../Drivers/STM32F1xx_HAL_Driver/Inc/stm32f1xx_hal.h:30,
                 from ../Core/Inc/main.h:31,
                 from ../Core/Src/sensors.cpp:3:
../Drivers/STM32F1xx_HAL_Driver/Inc/stm32f1xx_hal_gpio.h:235:78: note:   initializing argument 3 of 'void HAL_GPIO_WritePin(GPIO_TypeDef*, uint16_t, GPIO_PinState)'
  235 | void HAL_GPIO_WritePin(GPIO_TypeDef *GPIOx, uint16_t GPIO_Pin, GPIO_PinState PinState);
      |                                                                ~~~~~~~~~~~~~~^~~~~~~~
../Core/Src/sensors.cpp: In function 'void deactivateOE()':
../Core/Src/sensors.cpp:54:55: error: invalid conversion from 'int' to 'GPIO_PinState' [-fpermissive]
   54 |         HAL_GPIO_WritePin(SEN_OE_GPIO_Port,SEN_OE_Pin,1);
      |                                                       ^
      |                                                       |
      |                                                       int
In file included from ../Core/Inc/stm32f1xx_hal_conf.h:242,
                 from ../Drivers/STM32F1xx_HAL_Driver/Inc/stm32f1xx_hal.h:30,
                 from ../Core/Inc/main.h:31,
                 from ../Core/Src/sensors.cpp:3:
../Drivers/STM32F1xx_HAL_Driver/Inc/stm32f1xx_hal_gpio.h:235:78: note:   initializing argument 3 of 'void HAL_GPIO_WritePin(GPIO_TypeDef*, uint16_t, GPIO_PinState)'
  235 | void HAL_GPIO_WritePin(GPIO_TypeDef *GPIOx, uint16_t GPIO_Pin, GPIO_PinState PinState);
      |                                                                ~~~~~~~~~~~~~~^~~~~~~~
../Core/Src/spi.cpp: In member function 'void Sensor::senConfig()':
../Core/Src/spi.cpp:27:65: error: 'OPERATING_MODE' was not declared in this scope
   27 |                         this->registerWrite(reg.OPERATING_MODE, OPERATING_MODE.CO); //Active measure mode
      |                                                                 ^~~~~~~~~~~~~~
../Core/Src/main.c: In function 'MX_GPIO_Init':
../Core/Src/main.c:302:3: error: unknown type name 'GPIO_InitTypeDef'
  302 |   GPIO_InitTypeDef GPIO_InitStruct = {0};
      |   ^~~~~~~~~~~~~~~~
../Core/Src/sensors.cpp: In function 'void clockPulse()':
../Core/Src/sensors.cpp:59:58: error: invalid conversion from 'int' to 'GPIO_PinState' [-fpermissive]
   59 |         HAL_GPIO_WritePin(REG_SCK_GPIO_Port, REG_SCK_Pin,1);
      |                                                          ^
      |                                                          |
      |                                                          int
../Core/Src/spi.cpp: In member function 'void Sensor::registerWrite(uint8_t, uint8_t)':
../Core/Src/spi.cpp:37:25: error: assigning to an array from an initializer list
   37 |                 message = {addr,data};
      |                 ~~~~~~~~^~~~~~~~~~~~~
In file included from ../Core/Inc/stm32f1xx_hal_conf.h:242,
                 from ../Drivers/STM32F1xx_HAL_Driver/Inc/stm32f1xx_hal.h:30,
                 from ../Core/Inc/main.h:31,
                 from ../Core/Src/sensors.cpp:3:
../Drivers/STM32F1xx_HAL_Driver/Inc/stm32f1xx_hal_gpio.h:235:78: note:   initializing argument 3 of 'void HAL_GPIO_WritePin(GPIO_TypeDef*, uint16_t, GPIO_PinState)'
  235 | void HAL_GPIO_WritePin(GPIO_TypeDef *GPIOx, uint16_t GPIO_Pin, GPIO_PinState PinState);
      |                                                                ~~~~~~~~~~~~~~^~~~~~~~
In file included from ../Core/Inc/stm32f1xx_hal_conf.h:238,
                 from ../Drivers/STM32F1xx_HAL_Driver/Inc/stm32f1xx_hal.h:30,
                 from ../Core/Inc/main.h:31,
                 from ../Core/Inc/sensors.h:3,
                 from ../Core/Src/main.c:20:
../Drivers/STM32F1xx_HAL_Driver/Inc/stm32f1xx_hal_rcc.h:528:46: error: unknown type name 'uint32_t'
  528 |                                         __IO uint32_t tmpreg; \
      |                                              ^~~~~~~~
../Core/Src/main.c:305:3: note: in expansion of macro '__HAL_RCC_GPIOD_CLK_ENABLE'
  305 |   __HAL_RCC_GPIOD_CLK_ENABLE();
      |   ^~~~~~~~~~~~~~~~~~~~~~~~~~
../Core/Src/spi.cpp:38:38: error: 'hspi1' was not declared in this scope
   38 |                 HAL_SPI_Transmit_IT(&hspi1,message,MESSAGE_SIZE,SPI_DELAY);
      |                                      ^~~~~
../Core/Src/sensors.cpp:61:59: error: invalid conversion from 'int' to 'GPIO_PinState' [-fpermissive]
   61 |         HAL_GPIO_WritePin(REG_SCK_GPIO_Port, REG_SCK_Pin, 0);
      |                                                           ^
      |                                                           |
      |                                                           int
In file included from ../Core/Inc/stm32f1xx_hal_conf.h:242,
                 from ../Drivers/STM32F1xx_HAL_Driver/Inc/stm32f1xx_hal.h:30,
                 from ../Core/Inc/main.h:31,
                 from ../Core/Src/sensors.cpp:3:
../Drivers/STM32F1xx_HAL_Driver/Inc/stm32f1xx_hal_gpio.h:235:78: note:   initializing argument 3 of 'void HAL_GPIO_WritePin(GPIO_TypeDef*, uint16_t, GPIO_PinState)'
  235 | void HAL_GPIO_WritePin(GPIO_TypeDef *GPIOx, uint16_t GPIO_Pin, GPIO_PinState PinState);
      |                                                                ~~~~~~~~~~~~~~^~~~~~~~
../Core/Src/spi.cpp: In member function 'void Sensor::registerRead(uint8_t, uint8_t*)':
../Core/Src/spi.cpp:44:37: error: 'hspi1' was not declared in this scope
   44 |                 HAL_SPI_Receive_IT(&hspi1,message,MESSAGE_SIZE,SPI_DELAY);
      |                                     ^~~~~
../Core/Src/spi.cpp: In member function 'void Sensor::selectSensor(uint8_t)':
../Core/Src/spi.cpp:50:37: error: 'hspi2' was not declared in this scope
   50 |                 HAL_SPI_Transmit_IT(hspi2, &senAddr, MESSAGE_SIZE);
      |                                     ^~~~~
../Core/Src/spi.cpp: In member function 'void Sensor::registerReadWrite(uint8_t, uint8_t*)':
../Core/Src/spi.cpp:56:25: error: assigning to an array from an initializer list
   56 |                 message = {addr,*pData};
      |                 ~~~~~~~~^~~~~~~~~~~~~~~
../Core/Src/spi.cpp:57:44: error: 'hspi1' was not declared in this scope
   57 |                 HAL_SPI_TransmitReceive_IT(hspi1, pTxData, pRxData, MESSAGE_SIZE);
      |                                            ^~~~~
../Core/Src/spi.cpp:57:51: error: 'pTxData' was not declared in this scope; did you mean 'pData'?
   57 |                 HAL_SPI_TransmitReceive_IT(hspi1, pTxData, pRxData, MESSAGE_SIZE);
      |                                                   ^~~~~~~
      |                                                   pData
In file included from ../Drivers/STM32F1xx_HAL_Driver/Inc/stm32f1xx_hal_def.h:30,
                 from ../Drivers/STM32F1xx_HAL_Driver/Inc/stm32f1xx_hal_rcc.h:29,
                 from ../Core/Inc/stm32f1xx_hal_conf.h:238,
                 from ../Drivers/STM32F1xx_HAL_Driver/Inc/stm32f1xx_hal.h:30,
                 from ../Core/Inc/main.h:31,
                 from ../Core/Inc/sensors.h:3,
                 from ../Core/Src/main.c:20:
../Drivers/CMSIS/Device/ST/STM32F1xx/Include/stm32f103xe.h:889:31: error: 'RCC_TypeDef' undeclared (first use in this function)
  889 | #define RCC                 ((RCC_TypeDef *)RCC_BASE)
      |                               ^~~~~~~~~~~
../Drivers/CMSIS/Device/ST/STM32F1xx/Include/stm32f1xx.h:178:33: note: in definition of macro 'SET_BIT'
  178 | #define SET_BIT(REG, BIT)     ((REG) |= (BIT))
      |                                 ^~~
../Drivers/STM32F1xx_HAL_Driver/Inc/stm32f1xx_hal_rcc.h:529:49: note: in expansion of macro 'RCC'
  529 |                                         SET_BIT(RCC->APB2ENR, RCC_APB2ENR_IOPDEN);\
      |                                                 ^~~
../Core/Src/main.c:305:3: note: in expansion of macro '__HAL_RCC_GPIOD_CLK_ENABLE'
  305 |   __HAL_RCC_GPIOD_CLK_ENABLE();
      |   ^~~~~~~~~~~~~~~~~~~~~~~~~~
../Drivers/CMSIS/Device/ST/STM32F1xx/Include/stm32f103xe.h:889:44: error: expected expression before ')' token
  889 | #define RCC                 ((RCC_TypeDef *)RCC_BASE)
      |                                            ^
../Drivers/CMSIS/Device/ST/STM32F1xx/Include/stm32f1xx.h:178:33: note: in definition of macro 'SET_BIT'
  178 | #define SET_BIT(REG, BIT)     ((REG) |= (BIT))
      |                                 ^~~
../Drivers/STM32F1xx_HAL_Driver/Inc/stm32f1xx_hal_rcc.h:529:49: note: in expansion of macro 'RCC'
  529 |                                         SET_BIT(RCC->APB2ENR, RCC_APB2ENR_IOPDEN);\
      |                                                 ^~~
../Core/Src/main.c:305:3: note: in expansion of macro '__HAL_RCC_GPIOD_CLK_ENABLE'
  305 |   __HAL_RCC_GPIOD_CLK_ENABLE();
      |   ^~~~~~~~~~~~~~~~~~~~~~~~~~
../Core/Src/sensors.cpp: In function 'int32_t selectSensor(uint16_t)':
../Core/Src/sensors.cpp:45:1: warning: control reaches end of non-void function [-Wreturn-type]
   45 | }
      | ^
../Core/Src/spi.cpp:57:60: error: 'pRxData' was not declared in this scope; did you mean 'pData'?
   57 |                 HAL_SPI_TransmitReceive_IT(hspi1, pTxData, pRxData, MESSAGE_SIZE);
      |                                                            ^~~~~~~
      |                                                            pData
../Drivers/CMSIS/Device/ST/STM32F1xx/Include/stm32f103xe.h:889:44: error: expected expression before ')' token
  889 | #define RCC                 ((RCC_TypeDef *)RCC_BASE)
      |                                            ^
../Drivers/CMSIS/Device/ST/STM32F1xx/Include/stm32f1xx.h:182:33: note: in definition of macro 'READ_BIT'
  182 | #define READ_BIT(REG, BIT)    ((REG) & (BIT))
      |                                 ^~~
../Drivers/STM32F1xx_HAL_Driver/Inc/stm32f1xx_hal_rcc.h:531:59: note: in expansion of macro 'RCC'
  531 |                                         tmpreg = READ_BIT(RCC->APB2ENR, RCC_APB2ENR_IOPDEN);\
      |                                                           ^~~
../Core/Src/main.c:305:3: note: in expansion of macro '__HAL_RCC_GPIOD_CLK_ENABLE'
  305 |   __HAL_RCC_GPIOD_CLK_ENABLE();
      |   ^~~~~~~~~~~~~~~~~~~~~~~~~~
In file included from ../Core/Inc/stm32f1xx_hal_conf.h:238,
                 from ../Drivers/STM32F1xx_HAL_Driver/Inc/stm32f1xx_hal.h:30,
                 from ../Core/Inc/main.h:31,
                 from ../Core/Inc/sensors.h:3,
                 from ../Core/Src/main.c:20:
../Drivers/STM32F1xx_HAL_Driver/Inc/stm32f1xx_hal_rcc.h:504:46: error: unknown type name 'uint32_t'
  504 |                                         __IO uint32_t tmpreg; \
      |                                              ^~~~~~~~
../Core/Src/main.c:306:3: note: in expansion of macro '__HAL_RCC_GPIOA_CLK_ENABLE'
  306 |   __HAL_RCC_GPIOA_CLK_ENABLE();
      |   ^~~~~~~~~~~~~~~~~~~~~~~~~~
In file included from ../Drivers/STM32F1xx_HAL_Driver/Inc/stm32f1xx_hal_def.h:30,
                 from ../Drivers/STM32F1xx_HAL_Driver/Inc/stm32f1xx_hal_rcc.h:29,
                 from ../Core/Inc/stm32f1xx_hal_conf.h:238,
                 from ../Drivers/STM32F1xx_HAL_Driver/Inc/stm32f1xx_hal.h:30,
                 from ../Core/Inc/main.h:31,
                 from ../Core/Inc/sensors.h:3,
                 from ../Core/Src/main.c:20:
../Drivers/CMSIS/Device/ST/STM32F1xx/Include/stm32f103xe.h:889:44: error: expected expression before ')' token
  889 | #define RCC                 ((RCC_TypeDef *)RCC_BASE)
      |                                            ^
../Drivers/CMSIS/Device/ST/STM32F1xx/Include/stm32f1xx.h:178:33: note: in definition of macro 'SET_BIT'
  178 | #define SET_BIT(REG, BIT)     ((REG) |= (BIT))
      |                                 ^~~
../Drivers/STM32F1xx_HAL_Driver/Inc/stm32f1xx_hal_rcc.h:505:49: note: in expansion of macro 'RCC'
  505 |                                         SET_BIT(RCC->APB2ENR, RCC_APB2ENR_IOPAEN);\
      |                                                 ^~~
../Core/Src/main.c:306:3: note: in expansion of macro '__HAL_RCC_GPIOA_CLK_ENABLE'
  306 |   __HAL_RCC_GPIOA_CLK_ENABLE();
      |   ^~~~~~~~~~~~~~~~~~~~~~~~~~
../Drivers/CMSIS/Device/ST/STM32F1xx/Include/stm32f103xe.h:889:44: error: expected expression before ')' token
  889 | #define RCC                 ((RCC_TypeDef *)RCC_BASE)
      |                                            ^
../Drivers/CMSIS/Device/ST/STM32F1xx/Include/stm32f1xx.h:182:33: note: in definition of macro 'READ_BIT'
  182 | #define READ_BIT(REG, BIT)    ((REG) & (BIT))
      |                                 ^~~
../Drivers/STM32F1xx_HAL_Driver/Inc/stm32f1xx_hal_rcc.h:507:59: note: in expansion of macro 'RCC'
  507 |                                         tmpreg = READ_BIT(RCC->APB2ENR, RCC_APB2ENR_IOPAEN);\
      |                                                           ^~~
../Core/Src/main.c:306:3: note: in expansion of macro '__HAL_RCC_GPIOA_CLK_ENABLE'
  306 |   __HAL_RCC_GPIOA_CLK_ENABLE();
      |   ^~~~~~~~~~~~~~~~~~~~~~~~~~
In file included from ../Core/Inc/stm32f1xx_hal_conf.h:238,
                 from ../Drivers/STM32F1xx_HAL_Driver/Inc/stm32f1xx_hal.h:30,
                 from ../Core/Inc/main.h:31,
                 from ../Core/Inc/sensors.h:3,
                 from ../Core/Src/main.c:20:
../Drivers/STM32F1xx_HAL_Driver/Inc/stm32f1xx_hal_rcc.h:520:46: error: unknown type name 'uint32_t'
  520 |                                         __IO uint32_t tmpreg; \
      |                                              ^~~~~~~~
../Core/Src/main.c:307:3: note: in expansion of macro '__HAL_RCC_GPIOC_CLK_ENABLE'
  307 |   __HAL_RCC_GPIOC_CLK_ENABLE();
      |   ^~~~~~~~~~~~~~~~~~~~~~~~~~
../Core/Src/spi.cpp: In member function 'void Sensor::selectAllSensors()':
../Core/Src/spi.cpp:62:17: error: 'SenAddresses' was not declared in this scope
   62 |                 SenAddresses addr;
      |                 ^~~~~~~~~~~~
In file included from ../Drivers/STM32F1xx_HAL_Driver/Inc/stm32f1xx_hal_def.h:30,
                 from ../Drivers/STM32F1xx_HAL_Driver/Inc/stm32f1xx_hal_rcc.h:29,
                 from ../Core/Inc/stm32f1xx_hal_conf.h:238,
                 from ../Drivers/STM32F1xx_HAL_Driver/Inc/stm32f1xx_hal.h:30,
                 from ../Core/Inc/main.h:31,
                 from ../Core/Inc/sensors.h:3,
                 from ../Core/Src/main.c:20:
../Drivers/CMSIS/Device/ST/STM32F1xx/Include/stm32f103xe.h:889:44: error: expected expression before ')' token
  889 | #define RCC                 ((RCC_TypeDef *)RCC_BASE)
      |                                            ^
../Drivers/CMSIS/Device/ST/STM32F1xx/Include/stm32f1xx.h:178:33: note: in definition of macro 'SET_BIT'
  178 | #define SET_BIT(REG, BIT)     ((REG) |= (BIT))
      |                                 ^~~
../Drivers/STM32F1xx_HAL_Driver/Inc/stm32f1xx_hal_rcc.h:521:49: note: in expansion of macro 'RCC'
  521 |                                         SET_BIT(RCC->APB2ENR, RCC_APB2ENR_IOPCEN);\
      |                                                 ^~~
../Core/Src/main.c:307:3: note: in expansion of macro '__HAL_RCC_GPIOC_CLK_ENABLE'
  307 |   __HAL_RCC_GPIOC_CLK_ENABLE();
      |   ^~~~~~~~~~~~~~~~~~~~~~~~~~
../Drivers/CMSIS/Device/ST/STM32F1xx/Include/stm32f103xe.h:889:44: error: expected expression before ')' token
  889 | #define RCC                 ((RCC_TypeDef *)RCC_BASE)
      |                                            ^
../Drivers/CMSIS/Device/ST/STM32F1xx/Include/stm32f1xx.h:182:33: note: in definition of macro 'READ_BIT'
  182 | #define READ_BIT(REG, BIT)    ((REG) & (BIT))
      |                                 ^~~
../Drivers/STM32F1xx_HAL_Driver/Inc/stm32f1xx_hal_rcc.h:523:59: note: in expansion of macro 'RCC'
  523 |                                         tmpreg = READ_BIT(RCC->APB2ENR, RCC_APB2ENR_IOPCEN);\
      |                                                           ^~~
../Core/Src/main.c:307:3: note: in expansion of macro '__HAL_RCC_GPIOC_CLK_ENABLE'
  307 |   __HAL_RCC_GPIOC_CLK_ENABLE();
      |   ^~~~~~~~~~~~~~~~~~~~~~~~~~
../Core/Src/spi.cpp:63:37: error: 'hspi2' was not declared in this scope
   63 |                 HAL_SPI_Transmit_IT(hspi2,this->m_allAddr, MESSAGE_SIZE);
      |                                     ^~~~~
../Core/Src/spi.cpp:63:49: error: 'class Sensor' has no member named 'm_allAddr'
   63 |                 HAL_SPI_Transmit_IT(hspi2,this->m_allAddr, MESSAGE_SIZE);
      |                                                 ^~~~~~~~~
../Core/Src/spi.cpp: At global scope:
../Core/Src/spi.cpp:17:1: error: multiple types in one declaration
   17 | struct DEVICE_CONFIG
      | ^~~~~~
In file included from ../Core/Inc/stm32f1xx_hal_conf.h:238,
                 from ../Drivers/STM32F1xx_HAL_Driver/Inc/stm32f1xx_hal.h:30,
                 from ../Core/Inc/main.h:31,
                 from ../Core/Inc/sensors.h:3,
                 from ../Core/Src/main.c:20:
../Drivers/STM32F1xx_HAL_Driver/Inc/stm32f1xx_hal_rcc.h:512:46: error: unknown type name 'uint32_t'
  512 |                                         __IO uint32_t tmpreg; \
      |                                              ^~~~~~~~
../Core/Src/main.c:308:3: note: in expansion of macro '__HAL_RCC_GPIOB_CLK_ENABLE'
  308 |   __HAL_RCC_GPIOB_CLK_ENABLE();
      |   ^~~~~~~~~~~~~~~~~~~~~~~~~~
../Core/Src/spi.cpp:71:1: error: '::main' must return 'int'
   71 | void main()
      | ^~~~
In file included from ../Drivers/STM32F1xx_HAL_Driver/Inc/stm32f1xx_hal_def.h:30,
                 from ../Drivers/STM32F1xx_HAL_Driver/Inc/stm32f1xx_hal_rcc.h:29,
                 from ../Core/Inc/stm32f1xx_hal_conf.h:238,
                 from ../Drivers/STM32F1xx_HAL_Driver/Inc/stm32f1xx_hal.h:30,
                 from ../Core/Inc/main.h:31,
                 from ../Core/Inc/sensors.h:3,
                 from ../Core/Src/main.c:20:
../Drivers/CMSIS/Device/ST/STM32F1xx/Include/stm32f103xe.h:889:44: error: expected expression before ')' token
  889 | #define RCC                 ((RCC_TypeDef *)RCC_BASE)
      |                                            ^
../Drivers/CMSIS/Device/ST/STM32F1xx/Include/stm32f1xx.h:178:33: note: in definition of macro 'SET_BIT'
  178 | #define SET_BIT(REG, BIT)     ((REG) |= (BIT))
      |                                 ^~~
../Drivers/STM32F1xx_HAL_Driver/Inc/stm32f1xx_hal_rcc.h:513:49: note: in expansion of macro 'RCC'
  513 |                                         SET_BIT(RCC->APB2ENR, RCC_APB2ENR_IOPBEN);\
      |                                                 ^~~
../Core/Src/main.c:308:3: note: in expansion of macro '__HAL_RCC_GPIOB_CLK_ENABLE'
  308 |   __HAL_RCC_GPIOB_CLK_ENABLE();
      |   ^~~~~~~~~~~~~~~~~~~~~~~~~~
make: *** [Core/Src/subdir.mk:49: Core/Src/sensors.o] Error 1
../Core/Src/spi.cpp: In function 'int main()':
../Core/Src/spi.cpp:74:9: error: 'init' was not declared in this scope; did you mean 'int'?
   74 |         init();
      |         ^~~~
      |         int
../Drivers/CMSIS/Device/ST/STM32F1xx/Include/stm32f103xe.h:889:44: error: expected expression before ')' token
  889 | #define RCC                 ((RCC_TypeDef *)RCC_BASE)
      |                                            ^
../Drivers/CMSIS/Device/ST/STM32F1xx/Include/stm32f1xx.h:182:33: note: in definition of macro 'READ_BIT'
  182 | #define READ_BIT(REG, BIT)    ((REG) & (BIT))
      |                                 ^~~
../Drivers/STM32F1xx_HAL_Driver/Inc/stm32f1xx_hal_rcc.h:515:59: note: in expansion of macro 'RCC'
  515 |                                         tmpreg = READ_BIT(RCC->APB2ENR, RCC_APB2ENR_IOPBEN);\
      |                                                           ^~~
../Core/Src/main.c:308:3: note: in expansion of macro '__HAL_RCC_GPIOB_CLK_ENABLE'
  308 |   __HAL_RCC_GPIOB_CLK_ENABLE();
      |   ^~~~~~~~~~~~~~~~~~~~~~~~~~
../Core/Src/spi.cpp:75:9: error: 'Sensors' was not declared in this scope; did you mean 'Sensor'?
   75 |         Sensors sen;
      |         ^~~~~~~
      |         Sensor
../Core/Src/spi.cpp:80:17: error: 'sen' was not declared in this scope
   80 |                 sen.selectAllSensors();
      |                 ^~~
../Core/Src/spi.cpp:82:28: error: expected ';' before 'address'
   82 |                 for(Sensors address : sen.senAddresses )
      |                            ^~~~~~~~
      |                            ;
../Core/Src/spi.cpp:90:9: error: expected primary-expression before '}' token
   90 |         }
      |         ^
../Core/Src/spi.cpp:89:18: error: expected ';' before '}' token
   89 |                 }
      |                  ^
      |                  ;
   90 |         }
      |         ~         
../Core/Src/spi.cpp:90:9: error: expected primary-expression before '}' token
   90 |         }
      |         ^
../Core/Src/spi.cpp:89:18: error: expected ')' before '}' token
   89 |                 }
      |                  ^
      |                  )
   90 |         }
      |         ~         
../Core/Src/spi.cpp:82:20: note: to match this '('
   82 |                 for(Sensors address : sen.senAddresses )
      |                    ^
../Core/Src/spi.cpp:90:9: error: expected primary-expression before '}' token
   90 |         }
      |         ^
../Core/Src/main.c:311:3: warning: implicit declaration of function 'HAL_GPIO_WritePin' [-Wimplicit-function-declaration]
  311 |   HAL_GPIO_WritePin(GPIOC, CS_Pin|BUTTON_Pin|NCTS_Pin|NRTS_Pin
      |   ^~~~~~~~~~~~~~~~~
In file included from ../Drivers/CMSIS/Device/ST/STM32F1xx/Include/stm32f1xx.h:133,
                 from ../Drivers/STM32F1xx_HAL_Driver/Inc/stm32f1xx_hal_def.h:30,
                 from ../Drivers/STM32F1xx_HAL_Driver/Inc/stm32f1xx_hal_rcc.h:29,
                 from ../Core/Inc/stm32f1xx_hal_conf.h:238,
                 from ../Drivers/STM32F1xx_HAL_Driver/Inc/stm32f1xx_hal.h:30,
                 from ../Core/Inc/main.h:31,
                 from ../Core/Inc/sensors.h:3,
                 from ../Core/Src/main.c:20:
../Drivers/CMSIS/Device/ST/STM32F1xx/Include/stm32f103xe.h:861:31: error: 'GPIO_TypeDef' undeclared (first use in this function)
  861 | #define GPIOC               ((GPIO_TypeDef *)GPIOC_BASE)
      |                               ^~~~~~~~~~~~
../Core/Src/main.c:311:21: note: in expansion of macro 'GPIOC'
  311 |   HAL_GPIO_WritePin(GPIOC, CS_Pin|BUTTON_Pin|NCTS_Pin|NRTS_Pin
      |                     ^~~~~
../Drivers/CMSIS/Device/ST/STM32F1xx/Include/stm32f103xe.h:861:45: error: expected expression before ')' token
  861 | #define GPIOC               ((GPIO_TypeDef *)GPIOC_BASE)
      |                                             ^
../Core/Src/main.c:311:21: note: in expansion of macro 'GPIOC'
  311 |   HAL_GPIO_WritePin(GPIOC, CS_Pin|BUTTON_Pin|NCTS_Pin|NRTS_Pin
      |                     ^~~~~
In file included from ../Core/Inc/stm32f1xx_hal_conf.h:242,
                 from ../Drivers/STM32F1xx_HAL_Driver/Inc/stm32f1xx_hal.h:30,
                 from ../Core/Inc/main.h:31,
                 from ../Core/Inc/sensors.h:3,
                 from ../Core/Src/main.c:20:
../Drivers/STM32F1xx_HAL_Driver/Inc/stm32f1xx_hal_gpio.h:88:38: error: 'uint16_t' undeclared (first use in this function)
   88 | #define GPIO_PIN_5                 ((uint16_t)0x0020)  /* Pin 5 selected    */
      |                                      ^~~~~~~~
../Core/Inc/main.h:61:16: note: in expansion of macro 'GPIO_PIN_5'
   61 | #define CS_Pin GPIO_PIN_5
      |                ^~~~~~~~~~
../Core/Src/main.c:311:28: note: in expansion of macro 'CS_Pin'
  311 |   HAL_GPIO_WritePin(GPIOC, CS_Pin|BUTTON_Pin|NCTS_Pin|NRTS_Pin
      |                            ^~~~~~
../Drivers/STM32F1xx_HAL_Driver/Inc/stm32f1xx_hal_gpio.h:88:38: note: 'uint16_t' is defined in header '<stdint.h>'; did you forget to '#include <stdint.h>'?
   88 | #define GPIO_PIN_5                 ((uint16_t)0x0020)  /* Pin 5 selected    */
      |                                      ^~~~~~~~
../Core/Inc/main.h:61:16: note: in expansion of macro 'GPIO_PIN_5'
   61 | #define CS_Pin GPIO_PIN_5
      |                ^~~~~~~~~~
../Core/Src/main.c:311:28: note: in expansion of macro 'CS_Pin'
  311 |   HAL_GPIO_WritePin(GPIOC, CS_Pin|BUTTON_Pin|NCTS_Pin|NRTS_Pin
      |                            ^~~~~~
../Drivers/STM32F1xx_HAL_Driver/Inc/stm32f1xx_hal_gpio.h:88:47: error: expected ')' before numeric constant
   88 | #define GPIO_PIN_5                 ((uint16_t)0x0020)  /* Pin 5 selected    */
      |                                    ~          ^~~~~~
../Core/Inc/main.h:61:16: note: in expansion of macro 'GPIO_PIN_5'
   61 | #define CS_Pin GPIO_PIN_5
      |                ^~~~~~~~~~
../Core/Src/main.c:311:28: note: in expansion of macro 'CS_Pin'
  311 |   HAL_GPIO_WritePin(GPIOC, CS_Pin|BUTTON_Pin|NCTS_Pin|NRTS_Pin
      |                            ^~~~~~
../Drivers/STM32F1xx_HAL_Driver/Inc/stm32f1xx_hal_gpio.h:89:47: error: expected ')' before numeric constant
   89 | #define GPIO_PIN_6                 ((uint16_t)0x0040)  /* Pin 6 selected    */
      |                                    ~          ^~~~~~
../Core/Inc/main.h:79:20: note: in expansion of macro 'GPIO_PIN_6'
   79 | #define BUTTON_Pin GPIO_PIN_6
      |                    ^~~~~~~~~~
../Core/Src/main.c:311:35: note: in expansion of macro 'BUTTON_Pin'
  311 |   HAL_GPIO_WritePin(GPIOC, CS_Pin|BUTTON_Pin|NCTS_Pin|NRTS_Pin
      |                                   ^~~~~~~~~~
../Drivers/STM32F1xx_HAL_Driver/Inc/stm32f1xx_hal_gpio.h:90:47: error: expected ')' before numeric constant
   90 | #define GPIO_PIN_7                 ((uint16_t)0x0080)  /* Pin 7 selected    */
      |                                    ~          ^~~~~~
../Core/Inc/main.h:81:18: note: in expansion of macro 'GPIO_PIN_7'
   81 | #define NCTS_Pin GPIO_PIN_7
      |                  ^~~~~~~~~~
../Core/Src/main.c:311:46: note: in expansion of macro 'NCTS_Pin'
  311 |   HAL_GPIO_WritePin(GPIOC, CS_Pin|BUTTON_Pin|NCTS_Pin|NRTS_Pin
      |                                              ^~~~~~~~
../Drivers/STM32F1xx_HAL_Driver/Inc/stm32f1xx_hal_gpio.h:91:47: error: expected ')' before numeric constant
   91 | #define GPIO_PIN_8                 ((uint16_t)0x0100)  /* Pin 8 selected    */
      |                                    ~          ^~~~~~
../Core/Inc/main.h:83:18: note: in expansion of macro 'GPIO_PIN_8'
   83 | #define NRTS_Pin GPIO_PIN_8
      |                  ^~~~~~~~~~
../Core/Src/main.c:311:55: note: in expansion of macro 'NRTS_Pin'
  311 |   HAL_GPIO_WritePin(GPIOC, CS_Pin|BUTTON_Pin|NCTS_Pin|NRTS_Pin
      |                                                       ^~~~~~~~
../Drivers/STM32F1xx_HAL_Driver/Inc/stm32f1xx_hal_gpio.h:92:47: error: expected ')' before numeric constant
   92 | #define GPIO_PIN_9                 ((uint16_t)0x0200)  /* Pin 9 selected    */
      |                                    ~          ^~~~~~
../Core/Inc/main.h:85:25: note: in expansion of macro 'GPIO_PIN_9'
   85 | #define UART_RESET__Pin GPIO_PIN_9
      |                         ^~~~~~~~~~
../Core/Src/main.c:312:28: note: in expansion of macro 'UART_RESET__Pin'
  312 |                           |UART_RESET__Pin, GPIO_PIN_RESET);
      |                            ^~~~~~~~~~~~~~~
make: *** [Core/Src/subdir.mk:49: Core/Src/spi.o] Error 1
../Core/Src/main.c:312:45: error: 'GPIO_PIN_RESET' undeclared (first use in this function); did you mean 'GPIO_PIN_MASK'?
  312 |                           |UART_RESET__Pin, GPIO_PIN_RESET);
      |                                             ^~~~~~~~~~~~~~
      |                                             GPIO_PIN_MASK
In file included from ../Drivers/CMSIS/Device/ST/STM32F1xx/Include/stm32f1xx.h:133,
                 from ../Drivers/STM32F1xx_HAL_Driver/Inc/stm32f1xx_hal_def.h:30,
                 from ../Drivers/STM32F1xx_HAL_Driver/Inc/stm32f1xx_hal_rcc.h:29,
                 from ../Core/Inc/stm32f1xx_hal_conf.h:238,
                 from ../Drivers/STM32F1xx_HAL_Driver/Inc/stm32f1xx_hal.h:30,
                 from ../Core/Inc/main.h:31,
                 from ../Core/Inc/sensors.h:3,
                 from ../Core/Src/main.c:20:
../Drivers/CMSIS/Device/ST/STM32F1xx/Include/stm32f103xe.h:860:45: error: expected expression before ')' token
  860 | #define GPIOB               ((GPIO_TypeDef *)GPIOB_BASE)
      |                                             ^
../Core/Src/main.c:315:21: note: in expansion of macro 'GPIOB'
  315 |   HAL_GPIO_WritePin(GPIOB, SEN_OE_Pin|REG_CLR_Pin|REG_SCK_Pin|ALERT_OE_Pin
      |                     ^~~~~
In file included from ../Core/Inc/stm32f1xx_hal_conf.h:242,
                 from ../Drivers/STM32F1xx_HAL_Driver/Inc/stm32f1xx_hal.h:30,
                 from ../Core/Inc/main.h:31,
                 from ../Core/Inc/sensors.h:3,
                 from ../Core/Src/main.c:20:
../Drivers/STM32F1xx_HAL_Driver/Inc/stm32f1xx_hal_gpio.h:83:47: error: expected ')' before numeric constant
   83 | #define GPIO_PIN_0                 ((uint16_t)0x0001)  /* Pin 0 selected    */
      |                                    ~          ^~~~~~
../Core/Inc/main.h:63:20: note: in expansion of macro 'GPIO_PIN_0'
   63 | #define SEN_OE_Pin GPIO_PIN_0
      |                    ^~~~~~~~~~
../Core/Src/main.c:315:28: note: in expansion of macro 'SEN_OE_Pin'
  315 |   HAL_GPIO_WritePin(GPIOB, SEN_OE_Pin|REG_CLR_Pin|REG_SCK_Pin|ALERT_OE_Pin
      |                            ^~~~~~~~~~
../Drivers/STM32F1xx_HAL_Driver/Inc/stm32f1xx_hal_gpio.h:84:47: error: expected ')' before numeric constant
   84 | #define GPIO_PIN_1                 ((uint16_t)0x0002)  /* Pin 1 selected    */
      |                                    ~          ^~~~~~
../Core/Inc/main.h:65:21: note: in expansion of macro 'GPIO_PIN_1'
   65 | #define REG_CLR_Pin GPIO_PIN_1
      |                     ^~~~~~~~~~
../Core/Src/main.c:315:39: note: in expansion of macro 'REG_CLR_Pin'
  315 |   HAL_GPIO_WritePin(GPIOB, SEN_OE_Pin|REG_CLR_Pin|REG_SCK_Pin|ALERT_OE_Pin
      |                                       ^~~~~~~~~~~
../Drivers/STM32F1xx_HAL_Driver/Inc/stm32f1xx_hal_gpio.h:85:47: error: expected ')' before numeric constant
   85 | #define GPIO_PIN_2                 ((uint16_t)0x0004)  /* Pin 2 selected    */
      |                                    ~          ^~~~~~
../Core/Inc/main.h:67:21: note: in expansion of macro 'GPIO_PIN_2'
   67 | #define REG_SCK_Pin GPIO_PIN_2
      |                     ^~~~~~~~~~
../Core/Src/main.c:315:51: note: in expansion of macro 'REG_SCK_Pin'
  315 |   HAL_GPIO_WritePin(GPIOB, SEN_OE_Pin|REG_CLR_Pin|REG_SCK_Pin|ALERT_OE_Pin
      |                                                   ^~~~~~~~~~~
../Drivers/STM32F1xx_HAL_Driver/Inc/stm32f1xx_hal_gpio.h:93:47: error: expected ')' before numeric constant
   93 | #define GPIO_PIN_10                ((uint16_t)0x0400)  /* Pin 10 selected   */
      |                                    ~          ^~~~~~
../Core/Inc/main.h:69:22: note: in expansion of macro 'GPIO_PIN_10'
   69 | #define ALERT_OE_Pin GPIO_PIN_10
      |                      ^~~~~~~~~~~
../Core/Src/main.c:315:63: note: in expansion of macro 'ALERT_OE_Pin'
  315 |   HAL_GPIO_WritePin(GPIOB, SEN_OE_Pin|REG_CLR_Pin|REG_SCK_Pin|ALERT_OE_Pin
      |                                                               ^~~~~~~~~~~~
../Drivers/STM32F1xx_HAL_Driver/Inc/stm32f1xx_hal_gpio.h:95:47: error: expected ')' before numeric constant
   95 | #define GPIO_PIN_12                ((uint16_t)0x1000)  /* Pin 12 selected   */
      |                                    ~          ^~~~~~
../Core/Inc/main.h:71:28: note: in expansion of macro 'GPIO_PIN_12'
   71 | #define SENSORS_ENABLE_Pin GPIO_PIN_12
      |                            ^~~~~~~~~~~
../Core/Src/main.c:316:28: note: in expansion of macro 'SENSORS_ENABLE_Pin'
  316 |                           |SENSORS_ENABLE_Pin|LED_ERROR_Pin|LED_MEASURING_Pin|LED_STATUS_Pin, GPIO_PIN_RESET);
      |                            ^~~~~~~~~~~~~~~~~~
../Drivers/STM32F1xx_HAL_Driver/Inc/stm32f1xx_hal_gpio.h:96:47: error: expected ')' before numeric constant
   96 | #define GPIO_PIN_13                ((uint16_t)0x2000)  /* Pin 13 selected   */
      |                                    ~          ^~~~~~
../Core/Inc/main.h:73:23: note: in expansion of macro 'GPIO_PIN_13'
   73 | #define LED_ERROR_Pin GPIO_PIN_13
      |                       ^~~~~~~~~~~
../Core/Src/main.c:316:47: note: in expansion of macro 'LED_ERROR_Pin'
  316 |                           |SENSORS_ENABLE_Pin|LED_ERROR_Pin|LED_MEASURING_Pin|LED_STATUS_Pin, GPIO_PIN_RESET);
      |                                               ^~~~~~~~~~~~~
../Drivers/STM32F1xx_HAL_Driver/Inc/stm32f1xx_hal_gpio.h:97:47: error: expected ')' before numeric constant
   97 | #define GPIO_PIN_14                ((uint16_t)0x4000)  /* Pin 14 selected   */
      |                                    ~          ^~~~~~
../Core/Inc/main.h:75:27: note: in expansion of macro 'GPIO_PIN_14'
   75 | #define LED_MEASURING_Pin GPIO_PIN_14
      |                           ^~~~~~~~~~~
../Core/Src/main.c:316:61: note: in expansion of macro 'LED_MEASURING_Pin'
  316 |                           |SENSORS_ENABLE_Pin|LED_ERROR_Pin|LED_MEASURING_Pin|LED_STATUS_Pin, GPIO_PIN_RESET);
      |                                                             ^~~~~~~~~~~~~~~~~
../Drivers/STM32F1xx_HAL_Driver/Inc/stm32f1xx_hal_gpio.h:98:47: error: expected ')' before numeric constant
   98 | #define GPIO_PIN_15                ((uint16_t)0x8000)  /* Pin 15 selected   */
      |                                    ~          ^~~~~~
../Core/Inc/main.h:77:24: note: in expansion of macro 'GPIO_PIN_15'
   77 | #define LED_STATUS_Pin GPIO_PIN_15
      |                        ^~~~~~~~~~~
../Core/Src/main.c:316:79: note: in expansion of macro 'LED_STATUS_Pin'
  316 |                           |SENSORS_ENABLE_Pin|LED_ERROR_Pin|LED_MEASURING_Pin|LED_STATUS_Pin, GPIO_PIN_RESET);
      |                                                                               ^~~~~~~~~~~~~~
../Core/Src/main.c:320:18: error: request for member 'Pin' in something not a structure or union
  320 |   GPIO_InitStruct.Pin = CS_Pin|BUTTON_Pin|NCTS_Pin|NRTS_Pin
      |                  ^
In file included from ../Core/Inc/stm32f1xx_hal_conf.h:242,
                 from ../Drivers/STM32F1xx_HAL_Driver/Inc/stm32f1xx_hal.h:30,
                 from ../Core/Inc/main.h:31,
                 from ../Core/Inc/sensors.h:3,
                 from ../Core/Src/main.c:20:
../Drivers/STM32F1xx_HAL_Driver/Inc/stm32f1xx_hal_gpio.h:88:47: error: expected ')' before numeric constant
   88 | #define GPIO_PIN_5                 ((uint16_t)0x0020)  /* Pin 5 selected    */
      |                                    ~          ^~~~~~
../Core/Inc/main.h:61:16: note: in expansion of macro 'GPIO_PIN_5'
   61 | #define CS_Pin GPIO_PIN_5
      |                ^~~~~~~~~~
../Core/Src/main.c:320:25: note: in expansion of macro 'CS_Pin'
  320 |   GPIO_InitStruct.Pin = CS_Pin|BUTTON_Pin|NCTS_Pin|NRTS_Pin
      |                         ^~~~~~
../Drivers/STM32F1xx_HAL_Driver/Inc/stm32f1xx_hal_gpio.h:89:47: error: expected ')' before numeric constant
   89 | #define GPIO_PIN_6                 ((uint16_t)0x0040)  /* Pin 6 selected    */
      |                                    ~          ^~~~~~
../Core/Inc/main.h:79:20: note: in expansion of macro 'GPIO_PIN_6'
   79 | #define BUTTON_Pin GPIO_PIN_6
      |                    ^~~~~~~~~~
../Core/Src/main.c:320:32: note: in expansion of macro 'BUTTON_Pin'
  320 |   GPIO_InitStruct.Pin = CS_Pin|BUTTON_Pin|NCTS_Pin|NRTS_Pin
      |                                ^~~~~~~~~~
../Drivers/STM32F1xx_HAL_Driver/Inc/stm32f1xx_hal_gpio.h:90:47: error: expected ')' before numeric constant
   90 | #define GPIO_PIN_7                 ((uint16_t)0x0080)  /* Pin 7 selected    */
      |                                    ~          ^~~~~~
../Core/Inc/main.h:81:18: note: in expansion of macro 'GPIO_PIN_7'
   81 | #define NCTS_Pin GPIO_PIN_7
      |                  ^~~~~~~~~~
../Core/Src/main.c:320:43: note: in expansion of macro 'NCTS_Pin'
  320 |   GPIO_InitStruct.Pin = CS_Pin|BUTTON_Pin|NCTS_Pin|NRTS_Pin
      |                                           ^~~~~~~~
../Drivers/STM32F1xx_HAL_Driver/Inc/stm32f1xx_hal_gpio.h:91:47: error: expected ')' before numeric constant
   91 | #define GPIO_PIN_8                 ((uint16_t)0x0100)  /* Pin 8 selected    */
      |                                    ~          ^~~~~~
../Core/Inc/main.h:83:18: note: in expansion of macro 'GPIO_PIN_8'
   83 | #define NRTS_Pin GPIO_PIN_8
      |                  ^~~~~~~~~~
../Core/Src/main.c:320:52: note: in expansion of macro 'NRTS_Pin'
  320 |   GPIO_InitStruct.Pin = CS_Pin|BUTTON_Pin|NCTS_Pin|NRTS_Pin
      |                                                    ^~~~~~~~
../Drivers/STM32F1xx_HAL_Driver/Inc/stm32f1xx_hal_gpio.h:92:47: error: expected ')' before numeric constant
   92 | #define GPIO_PIN_9                 ((uint16_t)0x0200)  /* Pin 9 selected    */
      |                                    ~          ^~~~~~
../Core/Inc/main.h:85:25: note: in expansion of macro 'GPIO_PIN_9'
   85 | #define UART_RESET__Pin GPIO_PIN_9
      |                         ^~~~~~~~~~
../Core/Src/main.c:321:28: note: in expansion of macro 'UART_RESET__Pin'
  321 |                           |UART_RESET__Pin;
      |                            ^~~~~~~~~~~~~~~
../Core/Src/main.c:322:18: error: request for member 'Mode' in something not a structure or union
  322 |   GPIO_InitStruct.Mode = GPIO_MODE_OUTPUT_PP;
      |                  ^
../Core/Src/main.c:323:18: error: request for member 'Pull' in something not a structure or union
  323 |   GPIO_InitStruct.Pull = GPIO_NOPULL;
      |                  ^
../Core/Src/main.c:324:18: error: request for member 'Speed' in something not a structure or union
  324 |   GPIO_InitStruct.Speed = GPIO_SPEED_FREQ_LOW;
      |                  ^
../Core/Src/main.c:325:3: warning: implicit declaration of function 'HAL_GPIO_Init'; did you mean 'MX_GPIO_Init'? [-Wimplicit-function-declaration]
  325 |   HAL_GPIO_Init(GPIOC, &GPIO_InitStruct);
      |   ^~~~~~~~~~~~~
      |   MX_GPIO_Init
In file included from ../Drivers/CMSIS/Device/ST/STM32F1xx/Include/stm32f1xx.h:133,
                 from ../Drivers/STM32F1xx_HAL_Driver/Inc/stm32f1xx_hal_def.h:30,
                 from ../Drivers/STM32F1xx_HAL_Driver/Inc/stm32f1xx_hal_rcc.h:29,
                 from ../Core/Inc/stm32f1xx_hal_conf.h:238,
                 from ../Drivers/STM32F1xx_HAL_Driver/Inc/stm32f1xx_hal.h:30,
                 from ../Core/Inc/main.h:31,
                 from ../Core/Inc/sensors.h:3,
                 from ../Core/Src/main.c:20:
../Drivers/CMSIS/Device/ST/STM32F1xx/Include/stm32f103xe.h:861:45: error: expected expression before ')' token
  861 | #define GPIOC               ((GPIO_TypeDef *)GPIOC_BASE)
      |                                             ^
../Core/Src/main.c:325:17: note: in expansion of macro 'GPIOC'
  325 |   HAL_GPIO_Init(GPIOC, &GPIO_InitStruct);
      |                 ^~~~~
../Core/Src/main.c:329:18: error: request for member 'Pin' in something not a structure or union
  329 |   GPIO_InitStruct.Pin = SEN_OE_Pin|REG_CLR_Pin|REG_SCK_Pin|ALERT_OE_Pin
      |                  ^
In file included from ../Core/Inc/stm32f1xx_hal_conf.h:242,
                 from ../Drivers/STM32F1xx_HAL_Driver/Inc/stm32f1xx_hal.h:30,
                 from ../Core/Inc/main.h:31,
                 from ../Core/Inc/sensors.h:3,
                 from ../Core/Src/main.c:20:
../Drivers/STM32F1xx_HAL_Driver/Inc/stm32f1xx_hal_gpio.h:83:47: error: expected ')' before numeric constant
   83 | #define GPIO_PIN_0                 ((uint16_t)0x0001)  /* Pin 0 selected    */
      |                                    ~          ^~~~~~
../Core/Inc/main.h:63:20: note: in expansion of macro 'GPIO_PIN_0'
   63 | #define SEN_OE_Pin GPIO_PIN_0
      |                    ^~~~~~~~~~
../Core/Src/main.c:329:25: note: in expansion of macro 'SEN_OE_Pin'
  329 |   GPIO_InitStruct.Pin = SEN_OE_Pin|REG_CLR_Pin|REG_SCK_Pin|ALERT_OE_Pin
      |                         ^~~~~~~~~~
../Drivers/STM32F1xx_HAL_Driver/Inc/stm32f1xx_hal_gpio.h:84:47: error: expected ')' before numeric constant
   84 | #define GPIO_PIN_1                 ((uint16_t)0x0002)  /* Pin 1 selected    */
      |                                    ~          ^~~~~~
../Core/Inc/main.h:65:21: note: in expansion of macro 'GPIO_PIN_1'
   65 | #define REG_CLR_Pin GPIO_PIN_1
      |                     ^~~~~~~~~~
../Core/Src/main.c:329:36: note: in expansion of macro 'REG_CLR_Pin'
  329 |   GPIO_InitStruct.Pin = SEN_OE_Pin|REG_CLR_Pin|REG_SCK_Pin|ALERT_OE_Pin
      |                                    ^~~~~~~~~~~
../Drivers/STM32F1xx_HAL_Driver/Inc/stm32f1xx_hal_gpio.h:85:47: error: expected ')' before numeric constant
   85 | #define GPIO_PIN_2                 ((uint16_t)0x0004)  /* Pin 2 selected    */
      |                                    ~          ^~~~~~
../Core/Inc/main.h:67:21: note: in expansion of macro 'GPIO_PIN_2'
   67 | #define REG_SCK_Pin GPIO_PIN_2
      |                     ^~~~~~~~~~
../Core/Src/main.c:329:48: note: in expansion of macro 'REG_SCK_Pin'
  329 |   GPIO_InitStruct.Pin = SEN_OE_Pin|REG_CLR_Pin|REG_SCK_Pin|ALERT_OE_Pin
      |                                                ^~~~~~~~~~~
../Drivers/STM32F1xx_HAL_Driver/Inc/stm32f1xx_hal_gpio.h:93:47: error: expected ')' before numeric constant
   93 | #define GPIO_PIN_10                ((uint16_t)0x0400)  /* Pin 10 selected   */
      |                                    ~          ^~~~~~
../Core/Inc/main.h:69:22: note: in expansion of macro 'GPIO_PIN_10'
   69 | #define ALERT_OE_Pin GPIO_PIN_10
      |                      ^~~~~~~~~~~
../Core/Src/main.c:329:60: note: in expansion of macro 'ALERT_OE_Pin'
  329 |   GPIO_InitStruct.Pin = SEN_OE_Pin|REG_CLR_Pin|REG_SCK_Pin|ALERT_OE_Pin
      |                                                            ^~~~~~~~~~~~
../Drivers/STM32F1xx_HAL_Driver/Inc/stm32f1xx_hal_gpio.h:95:47: error: expected ')' before numeric constant
   95 | #define GPIO_PIN_12                ((uint16_t)0x1000)  /* Pin 12 selected   */
      |                                    ~          ^~~~~~
../Core/Inc/main.h:71:28: note: in expansion of macro 'GPIO_PIN_12'
   71 | #define SENSORS_ENABLE_Pin GPIO_PIN_12
      |                            ^~~~~~~~~~~
../Core/Src/main.c:330:28: note: in expansion of macro 'SENSORS_ENABLE_Pin'
  330 |                           |SENSORS_ENABLE_Pin|LED_ERROR_Pin|LED_MEASURING_Pin|LED_STATUS_Pin;
      |                            ^~~~~~~~~~~~~~~~~~
../Drivers/STM32F1xx_HAL_Driver/Inc/stm32f1xx_hal_gpio.h:96:47: error: expected ')' before numeric constant
   96 | #define GPIO_PIN_13                ((uint16_t)0x2000)  /* Pin 13 selected   */
      |                                    ~          ^~~~~~
../Core/Inc/main.h:73:23: note: in expansion of macro 'GPIO_PIN_13'
   73 | #define LED_ERROR_Pin GPIO_PIN_13
      |                       ^~~~~~~~~~~
../Core/Src/main.c:330:47: note: in expansion of macro 'LED_ERROR_Pin'
  330 |                           |SENSORS_ENABLE_Pin|LED_ERROR_Pin|LED_MEASURING_Pin|LED_STATUS_Pin;
      |                                               ^~~~~~~~~~~~~
../Drivers/STM32F1xx_HAL_Driver/Inc/stm32f1xx_hal_gpio.h:97:47: error: expected ')' before numeric constant
   97 | #define GPIO_PIN_14                ((uint16_t)0x4000)  /* Pin 14 selected   */
      |                                    ~          ^~~~~~
../Core/Inc/main.h:75:27: note: in expansion of macro 'GPIO_PIN_14'
   75 | #define LED_MEASURING_Pin GPIO_PIN_14
      |                           ^~~~~~~~~~~
../Core/Src/main.c:330:61: note: in expansion of macro 'LED_MEASURING_Pin'
  330 |                           |SENSORS_ENABLE_Pin|LED_ERROR_Pin|LED_MEASURING_Pin|LED_STATUS_Pin;
      |                                                             ^~~~~~~~~~~~~~~~~
../Drivers/STM32F1xx_HAL_Driver/Inc/stm32f1xx_hal_gpio.h:98:47: error: expected ')' before numeric constant
   98 | #define GPIO_PIN_15                ((uint16_t)0x8000)  /* Pin 15 selected   */
      |                                    ~          ^~~~~~
../Core/Inc/main.h:77:24: note: in expansion of macro 'GPIO_PIN_15'
   77 | #define LED_STATUS_Pin GPIO_PIN_15
      |                        ^~~~~~~~~~~
../Core/Src/main.c:330:79: note: in expansion of macro 'LED_STATUS_Pin'
  330 |                           |SENSORS_ENABLE_Pin|LED_ERROR_Pin|LED_MEASURING_Pin|LED_STATUS_Pin;
      |                                                                               ^~~~~~~~~~~~~~
../Core/Src/main.c:331:18: error: request for member 'Mode' in something not a structure or union
  331 |   GPIO_InitStruct.Mode = GPIO_MODE_OUTPUT_PP;
      |                  ^
../Core/Src/main.c:332:18: error: request for member 'Pull' in something not a structure or union
  332 |   GPIO_InitStruct.Pull = GPIO_NOPULL;
      |                  ^
../Core/Src/main.c:333:18: error: request for member 'Speed' in something not a structure or union
  333 |   GPIO_InitStruct.Speed = GPIO_SPEED_FREQ_LOW;
      |                  ^
In file included from ../Drivers/CMSIS/Device/ST/STM32F1xx/Include/stm32f1xx.h:133,
                 from ../Drivers/STM32F1xx_HAL_Driver/Inc/stm32f1xx_hal_def.h:30,
                 from ../Drivers/STM32F1xx_HAL_Driver/Inc/stm32f1xx_hal_rcc.h:29,
                 from ../Core/Inc/stm32f1xx_hal_conf.h:238,
                 from ../Drivers/STM32F1xx_HAL_Driver/Inc/stm32f1xx_hal.h:30,
                 from ../Core/Inc/main.h:31,
                 from ../Core/Inc/sensors.h:3,
                 from ../Core/Src/main.c:20:
../Drivers/CMSIS/Device/ST/STM32F1xx/Include/stm32f103xe.h:860:45: error: expected expression before ')' token
  860 | #define GPIOB               ((GPIO_TypeDef *)GPIOB_BASE)
      |                                             ^
../Core/Src/main.c:334:17: note: in expansion of macro 'GPIOB'
  334 |   HAL_GPIO_Init(GPIOB, &GPIO_InitStruct);
      |                 ^~~~~
../Core/Src/main.c: At top level:
../Core/Src/main.c:346:6: warning: conflicting types for 'Error_Handler'; have 'void(void)'
  346 | void Error_Handler(void)
      |      ^~~~~~~~~~~~~
../Core/Src/main.c:139:5: note: previous implicit declaration of 'Error_Handler' with type 'void(void)'
  139 |     Error_Handler();
      |     ^~~~~~~~~~~~~
../Core/Src/main.c: In function 'Error_Handler':
../Core/Src/main.c:350:3: warning: implicit declaration of function '__disable_irq' [-Wimplicit-function-declaration]
  350 |   __disable_irq();
      |   ^~~~~~~~~~~~~
make: *** [Core/Src/subdir.mk:47: Core/Src/main.o] Error 1
"make -j12 all" terminated with exit code 2. Build might be incomplete.

08:36:26 Build Failed. 205 errors, 16 warnings. (took 2s.464ms)

